ARM GAS  /tmp/ccdn6uN2.s 			page 1


   1              		.cpu cortex-m4
   2              		.eabi_attribute 27, 1
   3              		.eabi_attribute 28, 1
   4              		.eabi_attribute 20, 1
   5              		.eabi_attribute 21, 1
   6              		.eabi_attribute 23, 3
   7              		.eabi_attribute 24, 1
   8              		.eabi_attribute 25, 1
   9              		.eabi_attribute 26, 1
  10              		.eabi_attribute 30, 1
  11              		.eabi_attribute 34, 1
  12              		.eabi_attribute 18, 4
  13              		.file	"rtc.c"
  14              		.text
  15              	.Ltext0:
  16              		.cfi_sections	.debug_frame
  17              		.section	.text.set_alarm,"ax",%progbits
  18              		.align	1
  19              		.global	set_alarm
  20              		.arch armv7e-m
  21              		.syntax unified
  22              		.thumb
  23              		.thumb_func
  24              		.fpu fpv4-sp-d16
  26              	set_alarm:
  27              	.LFB287:
  28              		.file 1 "Src/rtc.c"
   1:Src/rtc.c     **** #include <stdio.h>
   2:Src/rtc.c     **** #include <stdlib.h>
   3:Src/rtc.c     **** #include "buffer.h"
   4:Src/rtc.c     **** #include "main.h"
   5:Src/rtc.c     **** #include <time.h>
   6:Src/rtc.c     **** 
   7:Src/rtc.c     **** int alarm_flag = 0;
   8:Src/rtc.c     **** RTC_HandleTypeDef* gHrtc;
   9:Src/rtc.c     **** int led = 0;
  10:Src/rtc.c     **** uint32_t tick;
  11:Src/rtc.c     **** 
  12:Src/rtc.c     **** void set_alarm(){
  29              		.loc 1 12 17 view -0
  30              		.cfi_startproc
  31              		@ args = 0, pretend = 0, frame = 0
  32              		@ frame_needed = 0, uses_anonymous_args = 0
  33              		@ link register save eliminated.
  13:Src/rtc.c     ****   alarm_flag = 1;
  34              		.loc 1 13 3 view .LVU1
  35              		.loc 1 13 14 is_stmt 0 view .LVU2
  36 0000 014B     		ldr	r3, .L2
  37 0002 0122     		movs	r2, #1
  38 0004 1A60     		str	r2, [r3]
  14:Src/rtc.c     **** }
  39              		.loc 1 14 1 view .LVU3
  40 0006 7047     		bx	lr
  41              	.L3:
  42              		.align	2
  43              	.L2:
  44 0008 00000000 		.word	.LANCHOR0
ARM GAS  /tmp/ccdn6uN2.s 			page 2


  45              		.cfi_endproc
  46              	.LFE287:
  48              		.section	.text.reset_alarm,"ax",%progbits
  49              		.align	1
  50              		.global	reset_alarm
  51              		.syntax unified
  52              		.thumb
  53              		.thumb_func
  54              		.fpu fpv4-sp-d16
  56              	reset_alarm:
  57              	.LFB288:
  15:Src/rtc.c     **** 
  16:Src/rtc.c     **** void reset_alarm(){
  58              		.loc 1 16 19 is_stmt 1 view -0
  59              		.cfi_startproc
  60              		@ args = 0, pretend = 0, frame = 0
  61              		@ frame_needed = 0, uses_anonymous_args = 0
  62              		@ link register save eliminated.
  17:Src/rtc.c     ****   alarm_flag = 0;
  63              		.loc 1 17 3 view .LVU5
  64              		.loc 1 17 14 is_stmt 0 view .LVU6
  65 0000 014B     		ldr	r3, .L5
  66 0002 0022     		movs	r2, #0
  67 0004 1A60     		str	r2, [r3]
  18:Src/rtc.c     **** }
  68              		.loc 1 18 1 view .LVU7
  69 0006 7047     		bx	lr
  70              	.L6:
  71              		.align	2
  72              	.L5:
  73 0008 00000000 		.word	.LANCHOR0
  74              		.cfi_endproc
  75              	.LFE288:
  77              		.section	.text.alarm_process,"ax",%progbits
  78              		.align	1
  79              		.global	alarm_process
  80              		.syntax unified
  81              		.thumb
  82              		.thumb_func
  83              		.fpu fpv4-sp-d16
  85              	alarm_process:
  86              	.LFB289:
  19:Src/rtc.c     **** 
  20:Src/rtc.c     **** //Checks if alarm flag is raised, respond and reset the flag
  21:Src/rtc.c     **** void alarm_process(){
  87              		.loc 1 21 21 is_stmt 1 view -0
  88              		.cfi_startproc
  89              		@ args = 0, pretend = 0, frame = 0
  90              		@ frame_needed = 0, uses_anonymous_args = 0
  91 0000 08B5     		push	{r3, lr}
  92              	.LCFI0:
  93              		.cfi_def_cfa_offset 8
  94              		.cfi_offset 3, -8
  95              		.cfi_offset 14, -4
  22:Src/rtc.c     ****   if(alarm_flag){
  96              		.loc 1 22 3 view .LVU9
  97              		.loc 1 22 6 is_stmt 0 view .LVU10
ARM GAS  /tmp/ccdn6uN2.s 			page 3


  98 0002 134B     		ldr	r3, .L13
  99 0004 1B68     		ldr	r3, [r3]
 100              		.loc 1 22 5 view .LVU11
 101 0006 23B9     		cbnz	r3, .L11
 102              	.L8:
  23:Src/rtc.c     ****     /*
  24:Src/rtc.c     ****     char* td = get_td();
  25:Src/rtc.c     ****     printf("\nalarmed at %s\r\n", td);
  26:Src/rtc.c     ****     terminal_line();
  27:Src/rtc.c     ****     free(td);
  28:Src/rtc.c     ****     */
  29:Src/rtc.c     ****     HAL_GPIO_WritePin(LD3_GPIO_Port, LD3_Pin, GPIO_PIN_SET);
  30:Src/rtc.c     ****     led = 1;
  31:Src/rtc.c     ****     tick = HAL_GetTick();
  32:Src/rtc.c     ****     reset_alarm();
  33:Src/rtc.c     ****   }
  34:Src/rtc.c     ****   if(led == 1 && HAL_GetTick() - tick >= 100){
 103              		.loc 1 34 3 is_stmt 1 view .LVU12
 104              		.loc 1 34 10 is_stmt 0 view .LVU13
 105 0008 124B     		ldr	r3, .L13+4
 106 000a 1B68     		ldr	r3, [r3]
 107              		.loc 1 34 5 view .LVU14
 108 000c 012B     		cmp	r3, #1
 109 000e 0FD0     		beq	.L12
 110              	.L7:
  35:Src/rtc.c     ****     HAL_GPIO_WritePin(LD3_GPIO_Port, LD3_Pin, GPIO_PIN_RESET);
  36:Src/rtc.c     ****     led = 0;
  37:Src/rtc.c     ****   }
  38:Src/rtc.c     **** }
 111              		.loc 1 38 1 view .LVU15
 112 0010 08BD     		pop	{r3, pc}
 113              	.L11:
  29:Src/rtc.c     ****     led = 1;
 114              		.loc 1 29 5 is_stmt 1 view .LVU16
 115 0012 0122     		movs	r2, #1
 116 0014 0821     		movs	r1, #8
 117 0016 1048     		ldr	r0, .L13+8
 118 0018 FFF7FEFF 		bl	HAL_GPIO_WritePin
 119              	.LVL0:
  30:Src/rtc.c     ****     tick = HAL_GetTick();
 120              		.loc 1 30 5 view .LVU17
  30:Src/rtc.c     ****     tick = HAL_GetTick();
 121              		.loc 1 30 9 is_stmt 0 view .LVU18
 122 001c 0D4B     		ldr	r3, .L13+4
 123 001e 0122     		movs	r2, #1
 124 0020 1A60     		str	r2, [r3]
  31:Src/rtc.c     ****     reset_alarm();
 125              		.loc 1 31 5 is_stmt 1 view .LVU19
  31:Src/rtc.c     ****     reset_alarm();
 126              		.loc 1 31 12 is_stmt 0 view .LVU20
 127 0022 FFF7FEFF 		bl	HAL_GetTick
 128              	.LVL1:
  31:Src/rtc.c     ****     reset_alarm();
 129              		.loc 1 31 10 view .LVU21
 130 0026 0D4B     		ldr	r3, .L13+12
 131 0028 1860     		str	r0, [r3]
  32:Src/rtc.c     ****   }
ARM GAS  /tmp/ccdn6uN2.s 			page 4


 132              		.loc 1 32 5 is_stmt 1 view .LVU22
 133 002a FFF7FEFF 		bl	reset_alarm
 134              	.LVL2:
 135 002e EBE7     		b	.L8
 136              	.L12:
  34:Src/rtc.c     ****     HAL_GPIO_WritePin(LD3_GPIO_Port, LD3_Pin, GPIO_PIN_RESET);
 137              		.loc 1 34 18 is_stmt 0 discriminator 1 view .LVU23
 138 0030 FFF7FEFF 		bl	HAL_GetTick
 139              	.LVL3:
  34:Src/rtc.c     ****     HAL_GPIO_WritePin(LD3_GPIO_Port, LD3_Pin, GPIO_PIN_RESET);
 140              		.loc 1 34 32 discriminator 1 view .LVU24
 141 0034 094B     		ldr	r3, .L13+12
 142 0036 1B68     		ldr	r3, [r3]
 143 0038 C01A     		subs	r0, r0, r3
  34:Src/rtc.c     ****     HAL_GPIO_WritePin(LD3_GPIO_Port, LD3_Pin, GPIO_PIN_RESET);
 144              		.loc 1 34 15 discriminator 1 view .LVU25
 145 003a 6328     		cmp	r0, #99
 146 003c E8D9     		bls	.L7
  35:Src/rtc.c     ****     led = 0;
 147              		.loc 1 35 5 is_stmt 1 view .LVU26
 148 003e 0022     		movs	r2, #0
 149 0040 0821     		movs	r1, #8
 150 0042 0548     		ldr	r0, .L13+8
 151 0044 FFF7FEFF 		bl	HAL_GPIO_WritePin
 152              	.LVL4:
  36:Src/rtc.c     ****   }
 153              		.loc 1 36 5 view .LVU27
  36:Src/rtc.c     ****   }
 154              		.loc 1 36 9 is_stmt 0 view .LVU28
 155 0048 024B     		ldr	r3, .L13+4
 156 004a 0022     		movs	r2, #0
 157 004c 1A60     		str	r2, [r3]
 158              		.loc 1 38 1 view .LVU29
 159 004e DFE7     		b	.L7
 160              	.L14:
 161              		.align	2
 162              	.L13:
 163 0050 00000000 		.word	.LANCHOR0
 164 0054 00000000 		.word	.LANCHOR1
 165 0058 00040048 		.word	1207960576
 166 005c 00000000 		.word	tick
 167              		.cfi_endproc
 168              	.LFE289:
 170              		.section	.rodata.get_td.str1.4,"aMS",%progbits,1
 171              		.align	2
 172              	.LC0:
 173 0000 4E4F4B20 		.ascii	"NOK (get_time: HAL_RTC_GetTime)\015\000"
 173      28676574 
 173      5F74696D 
 173      653A2048 
 173      414C5F52 
 174 0021 000000   		.align	2
 175              	.LC1:
 176 0024 4E4F4B20 		.ascii	"NOK (get_date: HAL_RTC_GetDate)\015\000"
 176      28676574 
 176      5F646174 
 176      653A2048 
ARM GAS  /tmp/ccdn6uN2.s 			page 5


 176      414C5F52 
 177              		.section	.text.get_td,"ax",%progbits
 178              		.align	1
 179              		.global	get_td
 180              		.syntax unified
 181              		.thumb
 182              		.thumb_func
 183              		.fpu fpv4-sp-d16
 185              	get_td:
 186              	.LFB290:
  39:Src/rtc.c     **** 
  40:Src/rtc.c     **** /*
  41:Src/rtc.c     ****  *INPUT: time and date struct pointers
  42:Src/rtc.c     ****  *Sets time and date pointers to the current time and date from RTC.
  43:Src/rtc.c     ****  *Generally, HAL_RTC_GetDate() must be called after calling HAL_RTC_GetTime()
  44:Src/rtc.c     ****  *due to how the RTC registers work (even if we don't need the date).
  45:Src/rtc.c     ****  */
  46:Src/rtc.c     **** char* get_td() {
 187              		.loc 1 46 16 is_stmt 1 view -0
 188              		.cfi_startproc
 189              		@ args = 0, pretend = 0, frame = 24
 190              		@ frame_needed = 0, uses_anonymous_args = 0
 191 0000 F0B5     		push	{r4, r5, r6, r7, lr}
 192              	.LCFI1:
 193              		.cfi_def_cfa_offset 20
 194              		.cfi_offset 4, -20
 195              		.cfi_offset 5, -16
 196              		.cfi_offset 6, -12
 197              		.cfi_offset 7, -8
 198              		.cfi_offset 14, -4
 199 0002 87B0     		sub	sp, sp, #28
 200              	.LCFI2:
 201              		.cfi_def_cfa_offset 48
  47:Src/rtc.c     ****   char *td_s = malloc(sizeof(char)*20);
 202              		.loc 1 47 3 view .LVU31
 203              		.loc 1 47 16 is_stmt 0 view .LVU32
 204 0004 1420     		movs	r0, #20
 205 0006 FFF7FEFF 		bl	malloc
 206              	.LVL5:
 207 000a 0446     		mov	r4, r0
 208              	.LVL6:
  48:Src/rtc.c     ****   RTC_TimeTypeDef sTime = {0};
 209              		.loc 1 48 3 is_stmt 1 view .LVU33
 210              		.loc 1 48 19 is_stmt 0 view .LVU34
 211 000c 0023     		movs	r3, #0
 212 000e 0193     		str	r3, [sp, #4]
 213 0010 0293     		str	r3, [sp, #8]
 214 0012 0393     		str	r3, [sp, #12]
 215 0014 0493     		str	r3, [sp, #16]
 216 0016 0593     		str	r3, [sp, #20]
  49:Src/rtc.c     ****   RTC_DateTypeDef sDate = {0};
 217              		.loc 1 49 3 is_stmt 1 view .LVU35
 218              		.loc 1 49 19 is_stmt 0 view .LVU36
 219 0018 0093     		str	r3, [sp]
  50:Src/rtc.c     **** 
  51:Src/rtc.c     ****   if (HAL_RTC_GetTime(gHrtc, &sTime, RTC_FORMAT_BCD) != HAL_OK){
 220              		.loc 1 51 3 is_stmt 1 view .LVU37
ARM GAS  /tmp/ccdn6uN2.s 			page 6


 221              		.loc 1 51 7 is_stmt 0 view .LVU38
 222 001a 0122     		movs	r2, #1
 223 001c 01A9     		add	r1, sp, #4
 224 001e 414B     		ldr	r3, .L22
 225 0020 1868     		ldr	r0, [r3]
 226              	.LVL7:
 227              		.loc 1 51 7 view .LVU39
 228 0022 FFF7FEFF 		bl	HAL_RTC_GetTime
 229              	.LVL8:
 230              		.loc 1 51 6 view .LVU40
 231 0026 0028     		cmp	r0, #0
 232 0028 71D1     		bne	.L20
  52:Src/rtc.c     ****     printf("NOK (get_time: HAL_RTC_GetTime)\r\n");
  53:Src/rtc.c     ****     return NULL;
  54:Src/rtc.c     ****   }
  55:Src/rtc.c     **** 
  56:Src/rtc.c     ****   if (HAL_RTC_GetDate(gHrtc, &sDate, RTC_FORMAT_BCD) != HAL_OK){
 233              		.loc 1 56 3 is_stmt 1 view .LVU41
 234              		.loc 1 56 7 is_stmt 0 view .LVU42
 235 002a 0122     		movs	r2, #1
 236 002c 6946     		mov	r1, sp
 237 002e 3D4B     		ldr	r3, .L22
 238 0030 1868     		ldr	r0, [r3]
 239 0032 FFF7FEFF 		bl	HAL_RTC_GetDate
 240              	.LVL9:
 241              		.loc 1 56 6 view .LVU43
 242 0036 0028     		cmp	r0, #0
 243 0038 6ED1     		bne	.L21
  57:Src/rtc.c     ****     printf("NOK (get_date: HAL_RTC_GetDate)\r\n");
  58:Src/rtc.c     ****     return NULL;
  59:Src/rtc.c     ****   }
  60:Src/rtc.c     **** 
  61:Src/rtc.c     ****   int mo = sDate.Month;
 244              		.loc 1 61 3 is_stmt 1 view .LVU44
 245              		.loc 1 61 17 is_stmt 0 view .LVU45
 246 003a 9DF80170 		ldrb	r7, [sp, #1]	@ zero_extendqisi2
 247              	.LVL10:
  62:Src/rtc.c     ****   int d = sDate.Date;
 248              		.loc 1 62 3 is_stmt 1 view .LVU46
 249              		.loc 1 62 16 is_stmt 0 view .LVU47
 250 003e 9DF80260 		ldrb	r6, [sp, #2]	@ zero_extendqisi2
 251              	.LVL11:
  63:Src/rtc.c     ****   int y = sDate.Year;
 252              		.loc 1 63 3 is_stmt 1 view .LVU48
 253              		.loc 1 63 16 is_stmt 0 view .LVU49
 254 0042 9DF80350 		ldrb	r5, [sp, #3]	@ zero_extendqisi2
 255              	.LVL12:
  64:Src/rtc.c     ****   int h = sTime.Hours;
 256              		.loc 1 64 3 is_stmt 1 view .LVU50
 257              		.loc 1 64 16 is_stmt 0 view .LVU51
 258 0046 9DF80400 		ldrb	r0, [sp, #4]	@ zero_extendqisi2
 259              	.LVL13:
  65:Src/rtc.c     ****   int mi = sTime.Minutes;
 260              		.loc 1 65 3 is_stmt 1 view .LVU52
 261              		.loc 1 65 17 is_stmt 0 view .LVU53
 262 004a 9DF80510 		ldrb	r1, [sp, #5]	@ zero_extendqisi2
 263              	.LVL14:
ARM GAS  /tmp/ccdn6uN2.s 			page 7


  66:Src/rtc.c     ****   int s = sTime.Seconds;
 264              		.loc 1 66 3 is_stmt 1 view .LVU54
 265              		.loc 1 66 16 is_stmt 0 view .LVU55
 266 004e 9DF80620 		ldrb	r2, [sp, #6]	@ zero_extendqisi2
 267              	.LVL15:
  67:Src/rtc.c     **** 
  68:Src/rtc.c     ****   td_s[0] = '0' + (mo >> 4) % 16;
 268              		.loc 1 68 3 is_stmt 1 view .LVU56
 269              		.loc 1 68 23 is_stmt 0 view .LVU57
 270 0052 3B11     		asrs	r3, r7, #4
 271              		.loc 1 68 29 view .LVU58
 272 0054 D3F1000C 		rsbs	ip, r3, #0
 273 0058 0CF00F0C 		and	ip, ip, #15
 274 005c 58BF     		it	pl
 275 005e CCF10003 		rsbpl	r3, ip, #0
 276              		.loc 1 68 17 view .LVU59
 277 0062 3033     		adds	r3, r3, #48
 278              		.loc 1 68 11 view .LVU60
 279 0064 2370     		strb	r3, [r4]
  69:Src/rtc.c     ****   td_s[1] = '0' + (mo >> 0) % 16;
 280              		.loc 1 69 3 is_stmt 1 view .LVU61
 281              		.loc 1 69 17 is_stmt 0 view .LVU62
 282 0066 07F00F07 		and	r7, r7, #15
 283              	.LVL16:
 284              		.loc 1 69 17 view .LVU63
 285 006a 3037     		adds	r7, r7, #48
 286              		.loc 1 69 11 view .LVU64
 287 006c 6770     		strb	r7, [r4, #1]
  70:Src/rtc.c     ****   td_s[2] = '/';
 288              		.loc 1 70 3 is_stmt 1 view .LVU65
 289              		.loc 1 70 11 is_stmt 0 view .LVU66
 290 006e 4FF02F0C 		mov	ip, #47
 291 0072 84F802C0 		strb	ip, [r4, #2]
  71:Src/rtc.c     ****   td_s[3] = '0' + (d >> 4) % 16;
 292              		.loc 1 71 3 is_stmt 1 view .LVU67
 293              		.loc 1 71 22 is_stmt 0 view .LVU68
 294 0076 3311     		asrs	r3, r6, #4
 295              		.loc 1 71 28 view .LVU69
 296 0078 5F42     		rsbs	r7, r3, #0
 297 007a 07F00F07 		and	r7, r7, #15
 298 007e 58BF     		it	pl
 299 0080 7B42     		rsbpl	r3, r7, #0
 300              		.loc 1 71 17 view .LVU70
 301 0082 3033     		adds	r3, r3, #48
 302              		.loc 1 71 11 view .LVU71
 303 0084 E370     		strb	r3, [r4, #3]
  72:Src/rtc.c     ****   td_s[4] = '0' + (d >> 0) % 16;
 304              		.loc 1 72 3 is_stmt 1 view .LVU72
 305              		.loc 1 72 17 is_stmt 0 view .LVU73
 306 0086 06F00F06 		and	r6, r6, #15
 307              	.LVL17:
 308              		.loc 1 72 17 view .LVU74
 309 008a 3036     		adds	r6, r6, #48
 310              		.loc 1 72 11 view .LVU75
 311 008c 2671     		strb	r6, [r4, #4]
  73:Src/rtc.c     ****   td_s[5] = '/';
 312              		.loc 1 73 3 is_stmt 1 view .LVU76
ARM GAS  /tmp/ccdn6uN2.s 			page 8


 313              		.loc 1 73 11 is_stmt 0 view .LVU77
 314 008e 84F805C0 		strb	ip, [r4, #5]
  74:Src/rtc.c     ****   td_s[6] = '2';
 315              		.loc 1 74 3 is_stmt 1 view .LVU78
 316              		.loc 1 74 11 is_stmt 0 view .LVU79
 317 0092 3223     		movs	r3, #50
 318 0094 A371     		strb	r3, [r4, #6]
  75:Src/rtc.c     ****   td_s[7] = '0';
 319              		.loc 1 75 3 is_stmt 1 view .LVU80
 320              		.loc 1 75 11 is_stmt 0 view .LVU81
 321 0096 3023     		movs	r3, #48
 322 0098 E371     		strb	r3, [r4, #7]
  76:Src/rtc.c     ****   td_s[8] = '0' + (y >> 4) % 16;
 323              		.loc 1 76 3 is_stmt 1 view .LVU82
 324              		.loc 1 76 22 is_stmt 0 view .LVU83
 325 009a 2B11     		asrs	r3, r5, #4
 326              		.loc 1 76 28 view .LVU84
 327 009c 5E42     		rsbs	r6, r3, #0
 328 009e 06F00F06 		and	r6, r6, #15
 329 00a2 58BF     		it	pl
 330 00a4 7342     		rsbpl	r3, r6, #0
 331              		.loc 1 76 17 view .LVU85
 332 00a6 3033     		adds	r3, r3, #48
 333              		.loc 1 76 11 view .LVU86
 334 00a8 2372     		strb	r3, [r4, #8]
  77:Src/rtc.c     ****   td_s[9] = '0' + (y >> 0) % 16;
 335              		.loc 1 77 3 is_stmt 1 view .LVU87
 336              		.loc 1 77 17 is_stmt 0 view .LVU88
 337 00aa 05F00F05 		and	r5, r5, #15
 338              	.LVL18:
 339              		.loc 1 77 17 view .LVU89
 340 00ae 3035     		adds	r5, r5, #48
 341              		.loc 1 77 11 view .LVU90
 342 00b0 6572     		strb	r5, [r4, #9]
  78:Src/rtc.c     ****   td_s[10] = ' ';
 343              		.loc 1 78 3 is_stmt 1 view .LVU91
 344              		.loc 1 78 12 is_stmt 0 view .LVU92
 345 00b2 2023     		movs	r3, #32
 346 00b4 A372     		strb	r3, [r4, #10]
  79:Src/rtc.c     ****   td_s[11] = '0' + (h >> 4) % 16;
 347              		.loc 1 79 3 is_stmt 1 view .LVU93
 348              		.loc 1 79 23 is_stmt 0 view .LVU94
 349 00b6 0311     		asrs	r3, r0, #4
 350              		.loc 1 79 29 view .LVU95
 351 00b8 5D42     		rsbs	r5, r3, #0
 352 00ba 05F00F05 		and	r5, r5, #15
 353 00be 58BF     		it	pl
 354 00c0 6B42     		rsbpl	r3, r5, #0
 355              		.loc 1 79 18 view .LVU96
 356 00c2 3033     		adds	r3, r3, #48
 357              		.loc 1 79 12 view .LVU97
 358 00c4 E372     		strb	r3, [r4, #11]
  80:Src/rtc.c     ****   td_s[12] = '0' + (h >> 0) % 16;
 359              		.loc 1 80 3 is_stmt 1 view .LVU98
 360              		.loc 1 80 18 is_stmt 0 view .LVU99
 361 00c6 00F00F00 		and	r0, r0, #15
 362              	.LVL19:
ARM GAS  /tmp/ccdn6uN2.s 			page 9


 363              		.loc 1 80 18 view .LVU100
 364 00ca 3030     		adds	r0, r0, #48
 365              		.loc 1 80 12 view .LVU101
 366 00cc 2073     		strb	r0, [r4, #12]
  81:Src/rtc.c     ****   td_s[13] = ':';
 367              		.loc 1 81 3 is_stmt 1 view .LVU102
 368              		.loc 1 81 12 is_stmt 0 view .LVU103
 369 00ce 3A25     		movs	r5, #58
 370 00d0 6573     		strb	r5, [r4, #13]
  82:Src/rtc.c     ****   td_s[14] = '0' + (mi >> 4) % 16;
 371              		.loc 1 82 3 is_stmt 1 view .LVU104
 372              		.loc 1 82 24 is_stmt 0 view .LVU105
 373 00d2 0B11     		asrs	r3, r1, #4
 374              		.loc 1 82 30 view .LVU106
 375 00d4 5842     		rsbs	r0, r3, #0
 376 00d6 00F00F00 		and	r0, r0, #15
 377 00da 58BF     		it	pl
 378 00dc 4342     		rsbpl	r3, r0, #0
 379              		.loc 1 82 18 view .LVU107
 380 00de 3033     		adds	r3, r3, #48
 381              		.loc 1 82 12 view .LVU108
 382 00e0 A373     		strb	r3, [r4, #14]
  83:Src/rtc.c     ****   td_s[15] = '0' + (mi >> 0) % 16;
 383              		.loc 1 83 3 is_stmt 1 view .LVU109
 384              		.loc 1 83 18 is_stmt 0 view .LVU110
 385 00e2 01F00F01 		and	r1, r1, #15
 386              	.LVL20:
 387              		.loc 1 83 18 view .LVU111
 388 00e6 3031     		adds	r1, r1, #48
 389              		.loc 1 83 12 view .LVU112
 390 00e8 E173     		strb	r1, [r4, #15]
  84:Src/rtc.c     ****   td_s[16] = ':';
 391              		.loc 1 84 3 is_stmt 1 view .LVU113
 392              		.loc 1 84 12 is_stmt 0 view .LVU114
 393 00ea 2574     		strb	r5, [r4, #16]
  85:Src/rtc.c     ****   td_s[17] = '0' + (s >> 4) % 16;
 394              		.loc 1 85 3 is_stmt 1 view .LVU115
 395              		.loc 1 85 23 is_stmt 0 view .LVU116
 396 00ec 1311     		asrs	r3, r2, #4
 397              		.loc 1 85 29 view .LVU117
 398 00ee 5942     		rsbs	r1, r3, #0
 399 00f0 01F00F01 		and	r1, r1, #15
 400 00f4 58BF     		it	pl
 401 00f6 4B42     		rsbpl	r3, r1, #0
 402              		.loc 1 85 18 view .LVU118
 403 00f8 3033     		adds	r3, r3, #48
 404              		.loc 1 85 12 view .LVU119
 405 00fa 6374     		strb	r3, [r4, #17]
  86:Src/rtc.c     ****   td_s[18] = '0' + (s >> 0) % 16;
 406              		.loc 1 86 3 is_stmt 1 view .LVU120
 407              		.loc 1 86 18 is_stmt 0 view .LVU121
 408 00fc 02F00F02 		and	r2, r2, #15
 409              	.LVL21:
 410              		.loc 1 86 18 view .LVU122
 411 0100 3032     		adds	r2, r2, #48
 412              		.loc 1 86 12 view .LVU123
 413 0102 A274     		strb	r2, [r4, #18]
ARM GAS  /tmp/ccdn6uN2.s 			page 10


  87:Src/rtc.c     ****   td_s[19] = '\0';
 414              		.loc 1 87 3 is_stmt 1 view .LVU124
 415              		.loc 1 87 12 is_stmt 0 view .LVU125
 416 0104 0023     		movs	r3, #0
 417 0106 E374     		strb	r3, [r4, #19]
  88:Src/rtc.c     **** 
  89:Src/rtc.c     ****   return td_s;
 418              		.loc 1 89 3 is_stmt 1 view .LVU126
 419              	.LVL22:
 420              	.L15:
  90:Src/rtc.c     **** }
 421              		.loc 1 90 1 is_stmt 0 view .LVU127
 422 0108 2046     		mov	r0, r4
 423 010a 07B0     		add	sp, sp, #28
 424              	.LCFI3:
 425              		.cfi_remember_state
 426              		.cfi_def_cfa_offset 20
 427              		@ sp needed
 428 010c F0BD     		pop	{r4, r5, r6, r7, pc}
 429              	.LVL23:
 430              	.L20:
 431              	.LCFI4:
 432              		.cfi_restore_state
  52:Src/rtc.c     ****     return NULL;
 433              		.loc 1 52 5 is_stmt 1 view .LVU128
 434 010e 0648     		ldr	r0, .L22+4
 435 0110 FFF7FEFF 		bl	puts
 436              	.LVL24:
  53:Src/rtc.c     ****   }
 437              		.loc 1 53 5 view .LVU129
  53:Src/rtc.c     ****   }
 438              		.loc 1 53 12 is_stmt 0 view .LVU130
 439 0114 0024     		movs	r4, #0
 440              	.LVL25:
  53:Src/rtc.c     ****   }
 441              		.loc 1 53 12 view .LVU131
 442 0116 F7E7     		b	.L15
 443              	.LVL26:
 444              	.L21:
  57:Src/rtc.c     ****     return NULL;
 445              		.loc 1 57 5 is_stmt 1 view .LVU132
 446 0118 0448     		ldr	r0, .L22+8
 447 011a FFF7FEFF 		bl	puts
 448              	.LVL27:
  58:Src/rtc.c     ****   }
 449              		.loc 1 58 5 view .LVU133
  58:Src/rtc.c     ****   }
 450              		.loc 1 58 12 is_stmt 0 view .LVU134
 451 011e 0024     		movs	r4, #0
 452              	.LVL28:
  58:Src/rtc.c     ****   }
 453              		.loc 1 58 12 view .LVU135
 454 0120 F2E7     		b	.L15
 455              	.L23:
 456 0122 00BF     		.align	2
 457              	.L22:
 458 0124 00000000 		.word	gHrtc
ARM GAS  /tmp/ccdn6uN2.s 			page 11


 459 0128 00000000 		.word	.LC0
 460 012c 24000000 		.word	.LC1
 461              		.cfi_endproc
 462              	.LFE290:
 464              		.section	.text.dec2bcd,"ax",%progbits
 465              		.align	1
 466              		.global	dec2bcd
 467              		.syntax unified
 468              		.thumb
 469              		.thumb_func
 470              		.fpu fpv4-sp-d16
 472              	dec2bcd:
 473              	.LVL29:
 474              	.LFB292:
  91:Src/rtc.c     **** 
  92:Src/rtc.c     **** uint32_t get_td_bits(){
  93:Src/rtc.c     ****   RTC_TimeTypeDef sTime = {0};
  94:Src/rtc.c     ****   RTC_DateTypeDef sDate = {0};
  95:Src/rtc.c     **** 
  96:Src/rtc.c     ****   if (HAL_RTC_GetTime(gHrtc, &sTime, RTC_FORMAT_BCD) != HAL_OK){
  97:Src/rtc.c     ****     printf("NOK (get_time: HAL_RTC_GetTime)\r\n");
  98:Src/rtc.c     ****     return -1;
  99:Src/rtc.c     ****   }
 100:Src/rtc.c     **** 
 101:Src/rtc.c     ****   if (HAL_RTC_GetDate(gHrtc, &sDate, RTC_FORMAT_BCD) != HAL_OK){
 102:Src/rtc.c     ****     printf("NOK (get_date: HAL_RTC_GetDate)\r\n");
 103:Src/rtc.c     ****     return -1;
 104:Src/rtc.c     ****   }
 105:Src/rtc.c     **** 
 106:Src/rtc.c     ****   //obtain current time values
 107:Src/rtc.c     ****   int mo = bcd2dec(sDate.Month);     // 1-12
 108:Src/rtc.c     ****   int d = bcd2dec(sDate.Date);       // 1-31
 109:Src/rtc.c     ****   int y = bcd2dec(sDate.Year);       // 0-99
 110:Src/rtc.c     ****   int h = bcd2dec(sTime.Hours);      // 0-23
 111:Src/rtc.c     ****   int mi = bcd2dec(sTime.Minutes);   // 0-59
 112:Src/rtc.c     ****   int s = bcd2dec(sTime.Seconds);    // 0-59
 113:Src/rtc.c     ****   
 114:Src/rtc.c     ****   //store current time values into a struct tm
 115:Src/rtc.c     ****   struct tm current = {0};
 116:Src/rtc.c     ****   current.tm_sec = s;
 117:Src/rtc.c     ****   current.tm_min = mi;
 118:Src/rtc.c     ****   current.tm_hour = h;
 119:Src/rtc.c     ****   current.tm_mday = d;
 120:Src/rtc.c     ****   //this is stored as "month since January"
 121:Src/rtc.c     ****   //subtract 1 because we store 1-12 as month
 122:Src/rtc.c     ****   current.tm_mon = mo - 1;
 123:Src/rtc.c     ****   //this is stored as "years since 1900"
 124:Src/rtc.c     ****   //add 100 to current year because we store year since 2000
 125:Src/rtc.c     ****   current.tm_year = y + 100;
 126:Src/rtc.c     ****   //set Daylight Savings flag to -1, which forces mktime() to figure it out
 127:Src/rtc.c     ****   current.tm_isdst = -1;
 128:Src/rtc.c     **** 
 129:Src/rtc.c     ****   //convert struct tm to epoch time, which is of type time_t
 130:Src/rtc.c     ****   time_t epoch_seconds = mktime(&current);
 131:Src/rtc.c     ****   //debug
 132:Src/rtc.c     ****   /*printf("Input time is %s\r\n", asctime(&current));*/
 133:Src/rtc.c     ****   /*printf("Converted time is %s\r\n", ctime(&epoch_seconds));*/
ARM GAS  /tmp/ccdn6uN2.s 			page 12


 134:Src/rtc.c     **** 
 135:Src/rtc.c     ****   return (uint32_t)epoch_seconds;
 136:Src/rtc.c     **** }
 137:Src/rtc.c     **** 
 138:Src/rtc.c     **** unsigned int dec2bcd(unsigned int num){
 475              		.loc 1 138 39 is_stmt 1 view -0
 476              		.cfi_startproc
 477              		@ args = 0, pretend = 0, frame = 0
 478              		@ frame_needed = 0, uses_anonymous_args = 0
 479              		@ link register save eliminated.
 139:Src/rtc.c     ****   unsigned int ones = 0;
 480              		.loc 1 139 3 view .LVU137
 140:Src/rtc.c     ****   unsigned int tens = 0;
 481              		.loc 1 140 3 view .LVU138
 141:Src/rtc.c     ****   unsigned int temp = 0;
 482              		.loc 1 141 3 view .LVU139
 142:Src/rtc.c     **** 
 143:Src/rtc.c     ****   ones = num%10;
 483              		.loc 1 143 3 view .LVU140
 484              		.loc 1 143 8 is_stmt 0 view .LVU141
 485 0000 054B     		ldr	r3, .L25
 486 0002 A3FB0023 		umull	r2, r3, r3, r0
 487 0006 DB08     		lsrs	r3, r3, #3
 488 0008 1A46     		mov	r2, r3
 489 000a 03EB8303 		add	r3, r3, r3, lsl #2
 490 000e A0EB4303 		sub	r3, r0, r3, lsl #1
 491              	.LVL30:
 144:Src/rtc.c     ****   temp = num/10;
 492              		.loc 1 144 3 is_stmt 1 view .LVU142
 145:Src/rtc.c     ****   tens = temp<<4;
 493              		.loc 1 145 3 view .LVU143
 146:Src/rtc.c     ****   return (tens + ones);
 494              		.loc 1 146 3 view .LVU144
 147:Src/rtc.c     **** }
 495              		.loc 1 147 1 is_stmt 0 view .LVU145
 496 0012 03EB0210 		add	r0, r3, r2, lsl #4
 497              	.LVL31:
 498              		.loc 1 147 1 view .LVU146
 499 0016 7047     		bx	lr
 500              	.L26:
 501              		.align	2
 502              	.L25:
 503 0018 CDCCCCCC 		.word	-858993459
 504              		.cfi_endproc
 505              	.LFE292:
 507              		.section	.text.bcd2dec,"ax",%progbits
 508              		.align	1
 509              		.global	bcd2dec
 510              		.syntax unified
 511              		.thumb
 512              		.thumb_func
 513              		.fpu fpv4-sp-d16
 515              	bcd2dec:
 516              	.LVL32:
 517              	.LFB293:
 148:Src/rtc.c     **** 
 149:Src/rtc.c     **** int bcd2dec(uint8_t num) {
ARM GAS  /tmp/ccdn6uN2.s 			page 13


 518              		.loc 1 149 26 is_stmt 1 view -0
 519              		.cfi_startproc
 520              		@ args = 0, pretend = 0, frame = 0
 521              		@ frame_needed = 0, uses_anonymous_args = 0
 522              		@ link register save eliminated.
 150:Src/rtc.c     ****   return num - 6 * (num >> 4);
 523              		.loc 1 150 3 view .LVU148
 524              		.loc 1 150 25 is_stmt 0 view .LVU149
 525 0000 0309     		lsrs	r3, r0, #4
 526              		.loc 1 150 18 view .LVU150
 527 0002 A3EB8303 		sub	r3, r3, r3, lsl #2
 151:Src/rtc.c     **** }
 528              		.loc 1 151 1 view .LVU151
 529 0006 00EB4300 		add	r0, r0, r3, lsl #1
 530              	.LVL33:
 531              		.loc 1 151 1 view .LVU152
 532 000a 7047     		bx	lr
 533              		.cfi_endproc
 534              	.LFE293:
 536              		.section	.text.get_td_bits,"ax",%progbits
 537              		.align	1
 538              		.global	get_td_bits
 539              		.syntax unified
 540              		.thumb
 541              		.thumb_func
 542              		.fpu fpv4-sp-d16
 544              	get_td_bits:
 545              	.LFB291:
  92:Src/rtc.c     ****   RTC_TimeTypeDef sTime = {0};
 546              		.loc 1 92 23 is_stmt 1 view -0
 547              		.cfi_startproc
 548              		@ args = 0, pretend = 0, frame = 64
 549              		@ frame_needed = 0, uses_anonymous_args = 0
 550 0000 2DE9F041 		push	{r4, r5, r6, r7, r8, lr}
 551              	.LCFI5:
 552              		.cfi_def_cfa_offset 24
 553              		.cfi_offset 4, -24
 554              		.cfi_offset 5, -20
 555              		.cfi_offset 6, -16
 556              		.cfi_offset 7, -12
 557              		.cfi_offset 8, -8
 558              		.cfi_offset 14, -4
 559 0004 90B0     		sub	sp, sp, #64
 560              	.LCFI6:
 561              		.cfi_def_cfa_offset 88
  93:Src/rtc.c     ****   RTC_DateTypeDef sDate = {0};
 562              		.loc 1 93 3 view .LVU154
  93:Src/rtc.c     ****   RTC_DateTypeDef sDate = {0};
 563              		.loc 1 93 19 is_stmt 0 view .LVU155
 564 0006 0023     		movs	r3, #0
 565 0008 0B93     		str	r3, [sp, #44]
 566 000a 0C93     		str	r3, [sp, #48]
 567 000c 0D93     		str	r3, [sp, #52]
 568 000e 0E93     		str	r3, [sp, #56]
 569 0010 0F93     		str	r3, [sp, #60]
  94:Src/rtc.c     **** 
 570              		.loc 1 94 3 is_stmt 1 view .LVU156
ARM GAS  /tmp/ccdn6uN2.s 			page 14


  94:Src/rtc.c     **** 
 571              		.loc 1 94 19 is_stmt 0 view .LVU157
 572 0012 0A93     		str	r3, [sp, #40]
  96:Src/rtc.c     ****     printf("NOK (get_time: HAL_RTC_GetTime)\r\n");
 573              		.loc 1 96 3 is_stmt 1 view .LVU158
  96:Src/rtc.c     ****     printf("NOK (get_time: HAL_RTC_GetTime)\r\n");
 574              		.loc 1 96 7 is_stmt 0 view .LVU159
 575 0014 0122     		movs	r2, #1
 576 0016 0BA9     		add	r1, sp, #44
 577 0018 254B     		ldr	r3, .L35
 578 001a 1868     		ldr	r0, [r3]
 579 001c FFF7FEFF 		bl	HAL_RTC_GetTime
 580              	.LVL34:
  96:Src/rtc.c     ****     printf("NOK (get_time: HAL_RTC_GetTime)\r\n");
 581              		.loc 1 96 6 view .LVU160
 582 0020 0028     		cmp	r0, #0
 583 0022 39D1     		bne	.L33
 101:Src/rtc.c     ****     printf("NOK (get_date: HAL_RTC_GetDate)\r\n");
 584              		.loc 1 101 3 is_stmt 1 view .LVU161
 101:Src/rtc.c     ****     printf("NOK (get_date: HAL_RTC_GetDate)\r\n");
 585              		.loc 1 101 7 is_stmt 0 view .LVU162
 586 0024 0122     		movs	r2, #1
 587 0026 0AA9     		add	r1, sp, #40
 588 0028 214B     		ldr	r3, .L35
 589 002a 1868     		ldr	r0, [r3]
 590 002c FFF7FEFF 		bl	HAL_RTC_GetDate
 591              	.LVL35:
 101:Src/rtc.c     ****     printf("NOK (get_date: HAL_RTC_GetDate)\r\n");
 592              		.loc 1 101 6 view .LVU163
 593 0030 0028     		cmp	r0, #0
 594 0032 37D1     		bne	.L34
 107:Src/rtc.c     ****   int d = bcd2dec(sDate.Date);       // 1-31
 595              		.loc 1 107 3 is_stmt 1 view .LVU164
 107:Src/rtc.c     ****   int d = bcd2dec(sDate.Date);       // 1-31
 596              		.loc 1 107 12 is_stmt 0 view .LVU165
 597 0034 9DF82900 		ldrb	r0, [sp, #41]	@ zero_extendqisi2
 598 0038 FFF7FEFF 		bl	bcd2dec
 599              	.LVL36:
 600 003c 0546     		mov	r5, r0
 601              	.LVL37:
 108:Src/rtc.c     ****   int y = bcd2dec(sDate.Year);       // 0-99
 602              		.loc 1 108 3 is_stmt 1 view .LVU166
 108:Src/rtc.c     ****   int y = bcd2dec(sDate.Year);       // 0-99
 603              		.loc 1 108 11 is_stmt 0 view .LVU167
 604 003e 9DF82A00 		ldrb	r0, [sp, #42]	@ zero_extendqisi2
 605              	.LVL38:
 108:Src/rtc.c     ****   int y = bcd2dec(sDate.Year);       // 0-99
 606              		.loc 1 108 11 view .LVU168
 607 0042 FFF7FEFF 		bl	bcd2dec
 608              	.LVL39:
 609 0046 0646     		mov	r6, r0
 610              	.LVL40:
 109:Src/rtc.c     ****   int h = bcd2dec(sTime.Hours);      // 0-23
 611              		.loc 1 109 3 is_stmt 1 view .LVU169
 109:Src/rtc.c     ****   int h = bcd2dec(sTime.Hours);      // 0-23
 612              		.loc 1 109 11 is_stmt 0 view .LVU170
 613 0048 9DF82B00 		ldrb	r0, [sp, #43]	@ zero_extendqisi2
ARM GAS  /tmp/ccdn6uN2.s 			page 15


 614              	.LVL41:
 109:Src/rtc.c     ****   int h = bcd2dec(sTime.Hours);      // 0-23
 615              		.loc 1 109 11 view .LVU171
 616 004c FFF7FEFF 		bl	bcd2dec
 617              	.LVL42:
 618 0050 0446     		mov	r4, r0
 619              	.LVL43:
 110:Src/rtc.c     ****   int mi = bcd2dec(sTime.Minutes);   // 0-59
 620              		.loc 1 110 3 is_stmt 1 view .LVU172
 110:Src/rtc.c     ****   int mi = bcd2dec(sTime.Minutes);   // 0-59
 621              		.loc 1 110 11 is_stmt 0 view .LVU173
 622 0052 9DF82C00 		ldrb	r0, [sp, #44]	@ zero_extendqisi2
 623              	.LVL44:
 110:Src/rtc.c     ****   int mi = bcd2dec(sTime.Minutes);   // 0-59
 624              		.loc 1 110 11 view .LVU174
 625 0056 FFF7FEFF 		bl	bcd2dec
 626              	.LVL45:
 627 005a 0746     		mov	r7, r0
 628              	.LVL46:
 111:Src/rtc.c     ****   int s = bcd2dec(sTime.Seconds);    // 0-59
 629              		.loc 1 111 3 is_stmt 1 view .LVU175
 111:Src/rtc.c     ****   int s = bcd2dec(sTime.Seconds);    // 0-59
 630              		.loc 1 111 12 is_stmt 0 view .LVU176
 631 005c 9DF82D00 		ldrb	r0, [sp, #45]	@ zero_extendqisi2
 632              	.LVL47:
 111:Src/rtc.c     ****   int s = bcd2dec(sTime.Seconds);    // 0-59
 633              		.loc 1 111 12 view .LVU177
 634 0060 FFF7FEFF 		bl	bcd2dec
 635              	.LVL48:
 636 0064 8046     		mov	r8, r0
 637              	.LVL49:
 112:Src/rtc.c     ****   
 638              		.loc 1 112 3 is_stmt 1 view .LVU178
 112:Src/rtc.c     ****   
 639              		.loc 1 112 11 is_stmt 0 view .LVU179
 640 0066 9DF82E00 		ldrb	r0, [sp, #46]	@ zero_extendqisi2
 641              	.LVL50:
 112:Src/rtc.c     ****   
 642              		.loc 1 112 11 view .LVU180
 643 006a FFF7FEFF 		bl	bcd2dec
 644              	.LVL51:
 115:Src/rtc.c     ****   current.tm_sec = s;
 645              		.loc 1 115 3 is_stmt 1 view .LVU181
 115:Src/rtc.c     ****   current.tm_sec = s;
 646              		.loc 1 115 13 is_stmt 0 view .LVU182
 647 006e 0023     		movs	r3, #0
 648 0070 0793     		str	r3, [sp, #28]
 649 0072 0893     		str	r3, [sp, #32]
 116:Src/rtc.c     ****   current.tm_min = mi;
 650              		.loc 1 116 3 is_stmt 1 view .LVU183
 116:Src/rtc.c     ****   current.tm_min = mi;
 651              		.loc 1 116 18 is_stmt 0 view .LVU184
 652 0074 0190     		str	r0, [sp, #4]
 117:Src/rtc.c     ****   current.tm_hour = h;
 653              		.loc 1 117 3 is_stmt 1 view .LVU185
 117:Src/rtc.c     ****   current.tm_hour = h;
 654              		.loc 1 117 18 is_stmt 0 view .LVU186
ARM GAS  /tmp/ccdn6uN2.s 			page 16


 655 0076 CDF80880 		str	r8, [sp, #8]
 118:Src/rtc.c     ****   current.tm_mday = d;
 656              		.loc 1 118 3 is_stmt 1 view .LVU187
 118:Src/rtc.c     ****   current.tm_mday = d;
 657              		.loc 1 118 19 is_stmt 0 view .LVU188
 658 007a 0397     		str	r7, [sp, #12]
 119:Src/rtc.c     ****   //this is stored as "month since January"
 659              		.loc 1 119 3 is_stmt 1 view .LVU189
 119:Src/rtc.c     ****   //this is stored as "month since January"
 660              		.loc 1 119 19 is_stmt 0 view .LVU190
 661 007c 0496     		str	r6, [sp, #16]
 122:Src/rtc.c     ****   //this is stored as "years since 1900"
 662              		.loc 1 122 3 is_stmt 1 view .LVU191
 122:Src/rtc.c     ****   //this is stored as "years since 1900"
 663              		.loc 1 122 23 is_stmt 0 view .LVU192
 664 007e 013D     		subs	r5, r5, #1
 665              	.LVL52:
 122:Src/rtc.c     ****   //this is stored as "years since 1900"
 666              		.loc 1 122 18 view .LVU193
 667 0080 0595     		str	r5, [sp, #20]
 125:Src/rtc.c     ****   //set Daylight Savings flag to -1, which forces mktime() to figure it out
 668              		.loc 1 125 3 is_stmt 1 view .LVU194
 125:Src/rtc.c     ****   //set Daylight Savings flag to -1, which forces mktime() to figure it out
 669              		.loc 1 125 23 is_stmt 0 view .LVU195
 670 0082 6434     		adds	r4, r4, #100
 671              	.LVL53:
 125:Src/rtc.c     ****   //set Daylight Savings flag to -1, which forces mktime() to figure it out
 672              		.loc 1 125 19 view .LVU196
 673 0084 0694     		str	r4, [sp, #24]
 127:Src/rtc.c     **** 
 674              		.loc 1 127 3 is_stmt 1 view .LVU197
 127:Src/rtc.c     **** 
 675              		.loc 1 127 20 is_stmt 0 view .LVU198
 676 0086 4FF0FF33 		mov	r3, #-1
 677 008a 0993     		str	r3, [sp, #36]
 130:Src/rtc.c     ****   //debug
 678              		.loc 1 130 3 is_stmt 1 view .LVU199
 130:Src/rtc.c     ****   //debug
 679              		.loc 1 130 26 is_stmt 0 view .LVU200
 680 008c 01A8     		add	r0, sp, #4
 681              	.LVL54:
 130:Src/rtc.c     ****   //debug
 682              		.loc 1 130 26 view .LVU201
 683 008e FFF7FEFF 		bl	mktime
 684              	.LVL55:
 135:Src/rtc.c     **** }
 685              		.loc 1 135 3 is_stmt 1 view .LVU202
 686              	.L28:
 136:Src/rtc.c     **** 
 687              		.loc 1 136 1 is_stmt 0 view .LVU203
 688 0092 10B0     		add	sp, sp, #64
 689              	.LCFI7:
 690              		.cfi_remember_state
 691              		.cfi_def_cfa_offset 24
 692              		@ sp needed
 693 0094 BDE8F081 		pop	{r4, r5, r6, r7, r8, pc}
 694              	.L33:
ARM GAS  /tmp/ccdn6uN2.s 			page 17


 695              	.LCFI8:
 696              		.cfi_restore_state
  97:Src/rtc.c     ****     return -1;
 697              		.loc 1 97 5 is_stmt 1 view .LVU204
 698 0098 0648     		ldr	r0, .L35+4
 699 009a FFF7FEFF 		bl	puts
 700              	.LVL56:
  98:Src/rtc.c     ****   }
 701              		.loc 1 98 5 view .LVU205
  98:Src/rtc.c     ****   }
 702              		.loc 1 98 12 is_stmt 0 view .LVU206
 703 009e 4FF0FF30 		mov	r0, #-1
 704 00a2 F6E7     		b	.L28
 705              	.L34:
 102:Src/rtc.c     ****     return -1;
 706              		.loc 1 102 5 is_stmt 1 view .LVU207
 707 00a4 0448     		ldr	r0, .L35+8
 708 00a6 FFF7FEFF 		bl	puts
 709              	.LVL57:
 103:Src/rtc.c     ****   }
 710              		.loc 1 103 5 view .LVU208
 103:Src/rtc.c     ****   }
 711              		.loc 1 103 12 is_stmt 0 view .LVU209
 712 00aa 4FF0FF30 		mov	r0, #-1
 713 00ae F0E7     		b	.L28
 714              	.L36:
 715              		.align	2
 716              	.L35:
 717 00b0 00000000 		.word	gHrtc
 718 00b4 00000000 		.word	.LC0
 719 00b8 24000000 		.word	.LC1
 720              		.cfi_endproc
 721              	.LFE291:
 723              		.section	.rodata.set_date.str1.4,"aMS",%progbits,1
 724              		.align	2
 725              	.LC2:
 726 0000 4E4F4B20 		.ascii	"NOK (set_date: invalid date)\015\000"
 726      28736574 
 726      5F646174 
 726      653A2069 
 726      6E76616C 
 727 001e 0000     		.align	2
 728              	.LC3:
 729 0020 4E4F4B20 		.ascii	"NOK (set_date: HAL_RTC_SetDate)\015\000"
 729      28736574 
 729      5F646174 
 729      653A2048 
 729      414C5F52 
 730 0041 000000   		.align	2
 731              	.LC4:
 732 0044 4F4B2028 		.ascii	"OK (set_date)\015\000"
 732      7365745F 
 732      64617465 
 732      290D00
 733              		.section	.text.set_date,"ax",%progbits
 734              		.align	1
 735              		.global	set_date
ARM GAS  /tmp/ccdn6uN2.s 			page 18


 736              		.syntax unified
 737              		.thumb
 738              		.thumb_func
 739              		.fpu fpv4-sp-d16
 741              	set_date:
 742              	.LVL58:
 743              	.LFB294:
 152:Src/rtc.c     **** 
 153:Src/rtc.c     **** void set_date(int m, int d, int y){
 744              		.loc 1 153 35 is_stmt 1 view -0
 745              		.cfi_startproc
 746              		@ args = 0, pretend = 0, frame = 8
 747              		@ frame_needed = 0, uses_anonymous_args = 0
 748              		.loc 1 153 35 is_stmt 0 view .LVU211
 749 0000 30B5     		push	{r4, r5, lr}
 750              	.LCFI9:
 751              		.cfi_def_cfa_offset 12
 752              		.cfi_offset 4, -12
 753              		.cfi_offset 5, -8
 754              		.cfi_offset 14, -4
 755 0002 83B0     		sub	sp, sp, #12
 756              	.LCFI10:
 757              		.cfi_def_cfa_offset 24
 154:Src/rtc.c     ****   RTC_DateTypeDef sDate = {0};
 758              		.loc 1 154 3 is_stmt 1 view .LVU212
 759              		.loc 1 154 19 is_stmt 0 view .LVU213
 760 0004 0023     		movs	r3, #0
 761 0006 0193     		str	r3, [sp, #4]
 155:Src/rtc.c     **** 
 156:Src/rtc.c     ****   if(m > 12 || m < 1){
 762              		.loc 1 156 3 is_stmt 1 view .LVU214
 763              		.loc 1 156 13 is_stmt 0 view .LVU215
 764 0008 431E     		subs	r3, r0, #1
 765              		.loc 1 156 5 view .LVU216
 766 000a 0B2B     		cmp	r3, #11
 767 000c 1FD8     		bhi	.L46
 768 000e 0C46     		mov	r4, r1
 769 0010 1546     		mov	r5, r2
 157:Src/rtc.c     ****     printf("NOK (set_date: invalid date)\r\n");
 158:Src/rtc.c     ****     return;
 159:Src/rtc.c     ****   }
 160:Src/rtc.c     ****   if(d > 31 || d < 1){
 770              		.loc 1 160 3 is_stmt 1 view .LVU217
 771              		.loc 1 160 13 is_stmt 0 view .LVU218
 772 0012 4B1E     		subs	r3, r1, #1
 773              		.loc 1 160 5 view .LVU219
 774 0014 1E2B     		cmp	r3, #30
 775 0016 1ED8     		bhi	.L47
 161:Src/rtc.c     ****     printf("NOK (set_date: invalid date)\r\n");
 162:Src/rtc.c     ****     return;
 163:Src/rtc.c     ****   }
 164:Src/rtc.c     ****   if(y > 99 || y < 0){
 776              		.loc 1 164 3 is_stmt 1 view .LVU220
 777              		.loc 1 164 5 is_stmt 0 view .LVU221
 778 0018 632A     		cmp	r2, #99
 779 001a 20D8     		bhi	.L48
 165:Src/rtc.c     ****     printf("NOK (set_date: invalid date)\r\n");
ARM GAS  /tmp/ccdn6uN2.s 			page 19


 166:Src/rtc.c     ****     return;
 167:Src/rtc.c     ****   }
 168:Src/rtc.c     **** 
 169:Src/rtc.c     ****   sDate.Month = dec2bcd(m);
 780              		.loc 1 169 3 is_stmt 1 view .LVU222
 781              		.loc 1 169 17 is_stmt 0 view .LVU223
 782 001c FFF7FEFF 		bl	dec2bcd
 783              	.LVL59:
 784              		.loc 1 169 15 view .LVU224
 785 0020 8DF80500 		strb	r0, [sp, #5]
 170:Src/rtc.c     ****   sDate.Date = dec2bcd(d);
 786              		.loc 1 170 3 is_stmt 1 view .LVU225
 787              		.loc 1 170 16 is_stmt 0 view .LVU226
 788 0024 2046     		mov	r0, r4
 789 0026 FFF7FEFF 		bl	dec2bcd
 790              	.LVL60:
 791              		.loc 1 170 14 view .LVU227
 792 002a 8DF80600 		strb	r0, [sp, #6]
 171:Src/rtc.c     ****   sDate.Year = dec2bcd(y);
 793              		.loc 1 171 3 is_stmt 1 view .LVU228
 794              		.loc 1 171 16 is_stmt 0 view .LVU229
 795 002e 2846     		mov	r0, r5
 796 0030 FFF7FEFF 		bl	dec2bcd
 797              	.LVL61:
 798              		.loc 1 171 14 view .LVU230
 799 0034 8DF80700 		strb	r0, [sp, #7]
 172:Src/rtc.c     **** 
 173:Src/rtc.c     ****   if (HAL_RTC_SetDate(gHrtc, &sDate, RTC_FORMAT_BCD) != HAL_OK){
 800              		.loc 1 173 3 is_stmt 1 view .LVU231
 801              		.loc 1 173 7 is_stmt 0 view .LVU232
 802 0038 0122     		movs	r2, #1
 803 003a 01A9     		add	r1, sp, #4
 804 003c 0C4B     		ldr	r3, .L49
 805 003e 1868     		ldr	r0, [r3]
 806 0040 FFF7FEFF 		bl	HAL_RTC_SetDate
 807              	.LVL62:
 808              		.loc 1 173 6 view .LVU233
 809 0044 80B1     		cbz	r0, .L42
 174:Src/rtc.c     ****     printf("NOK (set_date: HAL_RTC_SetDate)\r\n");
 810              		.loc 1 174 5 is_stmt 1 view .LVU234
 811 0046 0B48     		ldr	r0, .L49+4
 812 0048 FFF7FEFF 		bl	puts
 813              	.LVL63:
 814 004c 0AE0     		b	.L37
 815              	.LVL64:
 816              	.L46:
 157:Src/rtc.c     ****     return;
 817              		.loc 1 157 5 view .LVU235
 818 004e 0A48     		ldr	r0, .L49+8
 819              	.LVL65:
 157:Src/rtc.c     ****     return;
 820              		.loc 1 157 5 is_stmt 0 view .LVU236
 821 0050 FFF7FEFF 		bl	puts
 822              	.LVL66:
 158:Src/rtc.c     ****   }
 823              		.loc 1 158 5 is_stmt 1 view .LVU237
 824 0054 06E0     		b	.L37
ARM GAS  /tmp/ccdn6uN2.s 			page 20


 825              	.LVL67:
 826              	.L47:
 161:Src/rtc.c     ****     return;
 827              		.loc 1 161 5 view .LVU238
 828 0056 0848     		ldr	r0, .L49+8
 829              	.LVL68:
 161:Src/rtc.c     ****     return;
 830              		.loc 1 161 5 is_stmt 0 view .LVU239
 831 0058 FFF7FEFF 		bl	puts
 832              	.LVL69:
 162:Src/rtc.c     ****   }
 833              		.loc 1 162 5 is_stmt 1 view .LVU240
 834 005c 02E0     		b	.L37
 835              	.LVL70:
 836              	.L48:
 165:Src/rtc.c     ****     return;
 837              		.loc 1 165 5 view .LVU241
 838 005e 0648     		ldr	r0, .L49+8
 839              	.LVL71:
 165:Src/rtc.c     ****     return;
 840              		.loc 1 165 5 is_stmt 0 view .LVU242
 841 0060 FFF7FEFF 		bl	puts
 842              	.LVL72:
 166:Src/rtc.c     ****   }
 843              		.loc 1 166 5 is_stmt 1 view .LVU243
 844              	.L37:
 175:Src/rtc.c     ****   }else{
 176:Src/rtc.c     ****     printf("OK (set_date)\r\n");
 177:Src/rtc.c     ****   }
 178:Src/rtc.c     **** 
 179:Src/rtc.c     **** }
 845              		.loc 1 179 1 is_stmt 0 view .LVU244
 846 0064 03B0     		add	sp, sp, #12
 847              	.LCFI11:
 848              		.cfi_remember_state
 849              		.cfi_def_cfa_offset 12
 850              		@ sp needed
 851 0066 30BD     		pop	{r4, r5, pc}
 852              	.LVL73:
 853              	.L42:
 854              	.LCFI12:
 855              		.cfi_restore_state
 176:Src/rtc.c     ****   }
 856              		.loc 1 176 5 is_stmt 1 view .LVU245
 857 0068 0448     		ldr	r0, .L49+12
 858 006a FFF7FEFF 		bl	puts
 859              	.LVL74:
 860 006e F9E7     		b	.L37
 861              	.L50:
 862              		.align	2
 863              	.L49:
 864 0070 00000000 		.word	gHrtc
 865 0074 20000000 		.word	.LC3
 866 0078 00000000 		.word	.LC2
 867 007c 44000000 		.word	.LC4
 868              		.cfi_endproc
 869              	.LFE294:
ARM GAS  /tmp/ccdn6uN2.s 			page 21


 871              		.section	.rodata.set_time.str1.4,"aMS",%progbits,1
 872              		.align	2
 873              	.LC5:
 874 0000 4E4F4B20 		.ascii	"NOK (set_time: invalid time)\015\000"
 874      28736574 
 874      5F74696D 
 874      653A2069 
 874      6E76616C 
 875 001e 0000     		.align	2
 876              	.LC6:
 877 0020 4E4F4B20 		.ascii	"NOK (set_time: HAL_RTC_SetTime)\015\000"
 877      28736574 
 877      5F74696D 
 877      653A2048 
 877      414C5F52 
 878 0041 000000   		.align	2
 879              	.LC7:
 880 0044 4F4B2028 		.ascii	"OK (set_time)\015\000"
 880      7365745F 
 880      74696D65 
 880      290D00
 881              		.section	.text.set_time,"ax",%progbits
 882              		.align	1
 883              		.global	set_time
 884              		.syntax unified
 885              		.thumb
 886              		.thumb_func
 887              		.fpu fpv4-sp-d16
 889              	set_time:
 890              	.LVL75:
 891              	.LFB295:
 180:Src/rtc.c     **** 
 181:Src/rtc.c     **** void set_time(int h, int m, int s){
 892              		.loc 1 181 35 view -0
 893              		.cfi_startproc
 894              		@ args = 0, pretend = 0, frame = 24
 895              		@ frame_needed = 0, uses_anonymous_args = 0
 896              		.loc 1 181 35 is_stmt 0 view .LVU247
 897 0000 30B5     		push	{r4, r5, lr}
 898              	.LCFI13:
 899              		.cfi_def_cfa_offset 12
 900              		.cfi_offset 4, -12
 901              		.cfi_offset 5, -8
 902              		.cfi_offset 14, -4
 903 0002 87B0     		sub	sp, sp, #28
 904              	.LCFI14:
 905              		.cfi_def_cfa_offset 40
 182:Src/rtc.c     ****   RTC_TimeTypeDef sTime = {0};
 906              		.loc 1 182 3 is_stmt 1 view .LVU248
 907              		.loc 1 182 19 is_stmt 0 view .LVU249
 908 0004 0023     		movs	r3, #0
 909 0006 0193     		str	r3, [sp, #4]
 910 0008 0293     		str	r3, [sp, #8]
 911 000a 0393     		str	r3, [sp, #12]
 912 000c 0493     		str	r3, [sp, #16]
 913 000e 0593     		str	r3, [sp, #20]
 183:Src/rtc.c     ****  
ARM GAS  /tmp/ccdn6uN2.s 			page 22


 184:Src/rtc.c     ****   if(h > 23 || h < 0){
 914              		.loc 1 184 3 is_stmt 1 view .LVU250
 915              		.loc 1 184 5 is_stmt 0 view .LVU251
 916 0010 1728     		cmp	r0, #23
 917 0012 21D8     		bhi	.L60
 918 0014 0C46     		mov	r4, r1
 919 0016 1546     		mov	r5, r2
 185:Src/rtc.c     ****     printf("NOK (set_time: invalid time)\r\n");
 186:Src/rtc.c     ****     return;
 187:Src/rtc.c     ****   }
 188:Src/rtc.c     ****   if(m > 59 || m < 0){
 920              		.loc 1 188 3 is_stmt 1 view .LVU252
 921              		.loc 1 188 5 is_stmt 0 view .LVU253
 922 0018 3B29     		cmp	r1, #59
 923 001a 21D8     		bhi	.L61
 189:Src/rtc.c     ****     printf("NOK (set_time: invalid time)\r\n");
 190:Src/rtc.c     ****     return;
 191:Src/rtc.c     ****   }
 192:Src/rtc.c     ****   if(s > 59 || s < 0){
 924              		.loc 1 192 3 is_stmt 1 view .LVU254
 925              		.loc 1 192 5 is_stmt 0 view .LVU255
 926 001c 3B2A     		cmp	r2, #59
 927 001e 23D8     		bhi	.L62
 193:Src/rtc.c     ****     printf("NOK (set_time: invalid time)\r\n");
 194:Src/rtc.c     ****     return;
 195:Src/rtc.c     ****   }
 196:Src/rtc.c     **** 
 197:Src/rtc.c     ****  
 198:Src/rtc.c     ****   sTime.Hours = dec2bcd(h);
 928              		.loc 1 198 3 is_stmt 1 view .LVU256
 929              		.loc 1 198 17 is_stmt 0 view .LVU257
 930 0020 FFF7FEFF 		bl	dec2bcd
 931              	.LVL76:
 932              		.loc 1 198 15 view .LVU258
 933 0024 8DF80400 		strb	r0, [sp, #4]
 199:Src/rtc.c     ****   sTime.Minutes = dec2bcd(m);
 934              		.loc 1 199 3 is_stmt 1 view .LVU259
 935              		.loc 1 199 19 is_stmt 0 view .LVU260
 936 0028 2046     		mov	r0, r4
 937 002a FFF7FEFF 		bl	dec2bcd
 938              	.LVL77:
 939              		.loc 1 199 17 view .LVU261
 940 002e 8DF80500 		strb	r0, [sp, #5]
 200:Src/rtc.c     ****   sTime.Seconds = dec2bcd(s);
 941              		.loc 1 200 3 is_stmt 1 view .LVU262
 942              		.loc 1 200 19 is_stmt 0 view .LVU263
 943 0032 2846     		mov	r0, r5
 944 0034 FFF7FEFF 		bl	dec2bcd
 945              	.LVL78:
 946              		.loc 1 200 17 view .LVU264
 947 0038 8DF80600 		strb	r0, [sp, #6]
 201:Src/rtc.c     ****   sTime.DayLightSaving = RTC_DAYLIGHTSAVING_NONE;
 948              		.loc 1 201 3 is_stmt 1 view .LVU265
 949              		.loc 1 201 24 is_stmt 0 view .LVU266
 950 003c 0023     		movs	r3, #0
 951 003e 0493     		str	r3, [sp, #16]
 202:Src/rtc.c     ****   sTime.StoreOperation = RTC_STOREOPERATION_RESET;
ARM GAS  /tmp/ccdn6uN2.s 			page 23


 952              		.loc 1 202 3 is_stmt 1 view .LVU267
 953              		.loc 1 202 24 is_stmt 0 view .LVU268
 954 0040 0593     		str	r3, [sp, #20]
 203:Src/rtc.c     **** 
 204:Src/rtc.c     ****   if(HAL_RTC_SetTime(gHrtc, &sTime, RTC_FORMAT_BCD) != HAL_OK){
 955              		.loc 1 204 3 is_stmt 1 view .LVU269
 956              		.loc 1 204 6 is_stmt 0 view .LVU270
 957 0042 0122     		movs	r2, #1
 958 0044 01A9     		add	r1, sp, #4
 959 0046 0D4B     		ldr	r3, .L63
 960 0048 1868     		ldr	r0, [r3]
 961 004a FFF7FEFF 		bl	HAL_RTC_SetTime
 962              	.LVL79:
 963              		.loc 1 204 5 view .LVU271
 964 004e 80B1     		cbz	r0, .L56
 205:Src/rtc.c     ****     printf("NOK (set_time: HAL_RTC_SetTime)\r\n");
 965              		.loc 1 205 5 is_stmt 1 view .LVU272
 966 0050 0B48     		ldr	r0, .L63+4
 967 0052 FFF7FEFF 		bl	puts
 968              	.LVL80:
 969 0056 0AE0     		b	.L51
 970              	.LVL81:
 971              	.L60:
 185:Src/rtc.c     ****     return;
 972              		.loc 1 185 5 view .LVU273
 973 0058 0A48     		ldr	r0, .L63+8
 974              	.LVL82:
 185:Src/rtc.c     ****     return;
 975              		.loc 1 185 5 is_stmt 0 view .LVU274
 976 005a FFF7FEFF 		bl	puts
 977              	.LVL83:
 186:Src/rtc.c     ****   }
 978              		.loc 1 186 5 is_stmt 1 view .LVU275
 979 005e 06E0     		b	.L51
 980              	.LVL84:
 981              	.L61:
 189:Src/rtc.c     ****     return;
 982              		.loc 1 189 5 view .LVU276
 983 0060 0848     		ldr	r0, .L63+8
 984              	.LVL85:
 189:Src/rtc.c     ****     return;
 985              		.loc 1 189 5 is_stmt 0 view .LVU277
 986 0062 FFF7FEFF 		bl	puts
 987              	.LVL86:
 190:Src/rtc.c     ****   }
 988              		.loc 1 190 5 is_stmt 1 view .LVU278
 989 0066 02E0     		b	.L51
 990              	.LVL87:
 991              	.L62:
 193:Src/rtc.c     ****     return;
 992              		.loc 1 193 5 view .LVU279
 993 0068 0648     		ldr	r0, .L63+8
 994              	.LVL88:
 193:Src/rtc.c     ****     return;
 995              		.loc 1 193 5 is_stmt 0 view .LVU280
 996 006a FFF7FEFF 		bl	puts
 997              	.LVL89:
ARM GAS  /tmp/ccdn6uN2.s 			page 24


 194:Src/rtc.c     ****   }
 998              		.loc 1 194 5 is_stmt 1 view .LVU281
 999              	.L51:
 206:Src/rtc.c     ****   }else{
 207:Src/rtc.c     ****     printf("OK (set_time)\r\n");
 208:Src/rtc.c     ****   }
 209:Src/rtc.c     **** }
 1000              		.loc 1 209 1 is_stmt 0 view .LVU282
 1001 006e 07B0     		add	sp, sp, #28
 1002              	.LCFI15:
 1003              		.cfi_remember_state
 1004              		.cfi_def_cfa_offset 12
 1005              		@ sp needed
 1006 0070 30BD     		pop	{r4, r5, pc}
 1007              	.LVL90:
 1008              	.L56:
 1009              	.LCFI16:
 1010              		.cfi_restore_state
 207:Src/rtc.c     ****   }
 1011              		.loc 1 207 5 is_stmt 1 view .LVU283
 1012 0072 0548     		ldr	r0, .L63+12
 1013 0074 FFF7FEFF 		bl	puts
 1014              	.LVL91:
 1015 0078 F9E7     		b	.L51
 1016              	.L64:
 1017 007a 00BF     		.align	2
 1018              	.L63:
 1019 007c 00000000 		.word	gHrtc
 1020 0080 20000000 		.word	.LC6
 1021 0084 00000000 		.word	.LC5
 1022 0088 44000000 		.word	.LC7
 1023              		.cfi_endproc
 1024              	.LFE295:
 1026              		.section	.text.RetargetRTC,"ax",%progbits
 1027              		.align	1
 1028              		.global	RetargetRTC
 1029              		.syntax unified
 1030              		.thumb
 1031              		.thumb_func
 1032              		.fpu fpv4-sp-d16
 1034              	RetargetRTC:
 1035              	.LVL92:
 1036              	.LFB296:
 210:Src/rtc.c     **** 
 211:Src/rtc.c     **** void RetargetRTC(RTC_HandleTypeDef *hrtc){
 1037              		.loc 1 211 42 view -0
 1038              		.cfi_startproc
 1039              		@ args = 0, pretend = 0, frame = 0
 1040              		@ frame_needed = 0, uses_anonymous_args = 0
 1041              		@ link register save eliminated.
 212:Src/rtc.c     ****   gHrtc = hrtc;
 1042              		.loc 1 212 3 view .LVU285
 1043              		.loc 1 212 9 is_stmt 0 view .LVU286
 1044 0000 014B     		ldr	r3, .L66
 1045 0002 1860     		str	r0, [r3]
 213:Src/rtc.c     **** }
 1046              		.loc 1 213 1 view .LVU287
ARM GAS  /tmp/ccdn6uN2.s 			page 25


 1047 0004 7047     		bx	lr
 1048              	.L67:
 1049 0006 00BF     		.align	2
 1050              	.L66:
 1051 0008 00000000 		.word	gHrtc
 1052              		.cfi_endproc
 1053              	.LFE296:
 1055              		.comm	tick,4,4
 1056              		.global	led
 1057              		.comm	gHrtc,4,4
 1058              		.global	alarm_flag
 1059              		.section	.bss.alarm_flag,"aw",%nobits
 1060              		.align	2
 1061              		.set	.LANCHOR0,. + 0
 1064              	alarm_flag:
 1065 0000 00000000 		.space	4
 1066              		.section	.bss.led,"aw",%nobits
 1067              		.align	2
 1068              		.set	.LANCHOR1,. + 0
 1071              	led:
 1072 0000 00000000 		.space	4
 1073              		.text
 1074              	.Letext0:
 1075              		.file 2 "/nfs/nfs5/home/research/hardware/arm2/gcc-arm-embedded/gcc-arm-none-eabi-9-2019-q4-major/
 1076              		.file 3 "/nfs/nfs5/home/research/hardware/arm2/gcc-arm-embedded/gcc-arm-none-eabi-9-2019-q4-major/
 1077              		.file 4 "/nfs/nfs5/home/research/hardware/arm2/gcc-arm-embedded/gcc-arm-none-eabi-9-2019-q4-major/
 1078              		.file 5 "/nfs/nfs5/home/research/hardware/arm2/gcc-arm-embedded/gcc-arm-none-eabi-9-2019-q4-major/
 1079              		.file 6 "/nfs/nfs5/home/research/hardware/arm2/gcc-arm-embedded/gcc-arm-none-eabi-9-2019-q4-major/
 1080              		.file 7 "/nfs/nfs5/home/research/hardware/arm2/gcc-arm-embedded/gcc-arm-none-eabi-9-2019-q4-major/
 1081              		.file 8 "/nfs/nfs5/home/research/hardware/arm2/gcc-arm-embedded/gcc-arm-none-eabi-9-2019-q4-major/
 1082              		.file 9 "/nfs/nfs5/home/research/hardware/arm2/gcc-arm-embedded/gcc-arm-none-eabi-9-2019-q4-major/
 1083              		.file 10 "Drivers/CMSIS/Include/core_cm4.h"
 1084              		.file 11 "Drivers/CMSIS/Device/ST/STM32L4xx/Include/system_stm32l4xx.h"
 1085              		.file 12 "Drivers/CMSIS/Device/ST/STM32L4xx/Include/stm32l432xx.h"
 1086              		.file 13 "Drivers/STM32L4xx_HAL_Driver/Inc/stm32l4xx_hal_def.h"
 1087              		.file 14 "Drivers/STM32L4xx_HAL_Driver/Inc/stm32l4xx_hal_gpio.h"
 1088              		.file 15 "Drivers/STM32L4xx_HAL_Driver/Inc/stm32l4xx_hal_flash.h"
 1089              		.file 16 "Drivers/STM32L4xx_HAL_Driver/Inc/stm32l4xx_hal_rtc.h"
 1090              		.file 17 "Drivers/STM32L4xx_HAL_Driver/Inc/stm32l4xx_hal.h"
 1091              		.file 18 "/nfs/nfs5/home/research/hardware/arm2/gcc-arm-embedded/gcc-arm-none-eabi-9-2019-q4-major
 1092              		.file 19 "<built-in>"
ARM GAS  /tmp/ccdn6uN2.s 			page 26


DEFINED SYMBOLS
                            *ABS*:0000000000000000 rtc.c
     /tmp/ccdn6uN2.s:18     .text.set_alarm:0000000000000000 $t
     /tmp/ccdn6uN2.s:26     .text.set_alarm:0000000000000000 set_alarm
     /tmp/ccdn6uN2.s:44     .text.set_alarm:0000000000000008 $d
     /tmp/ccdn6uN2.s:49     .text.reset_alarm:0000000000000000 $t
     /tmp/ccdn6uN2.s:56     .text.reset_alarm:0000000000000000 reset_alarm
     /tmp/ccdn6uN2.s:73     .text.reset_alarm:0000000000000008 $d
     /tmp/ccdn6uN2.s:78     .text.alarm_process:0000000000000000 $t
     /tmp/ccdn6uN2.s:85     .text.alarm_process:0000000000000000 alarm_process
     /tmp/ccdn6uN2.s:163    .text.alarm_process:0000000000000050 $d
                            *COM*:0000000000000004 tick
     /tmp/ccdn6uN2.s:171    .rodata.get_td.str1.4:0000000000000000 $d
     /tmp/ccdn6uN2.s:178    .text.get_td:0000000000000000 $t
     /tmp/ccdn6uN2.s:185    .text.get_td:0000000000000000 get_td
     /tmp/ccdn6uN2.s:458    .text.get_td:0000000000000124 $d
                            *COM*:0000000000000004 gHrtc
     /tmp/ccdn6uN2.s:465    .text.dec2bcd:0000000000000000 $t
     /tmp/ccdn6uN2.s:472    .text.dec2bcd:0000000000000000 dec2bcd
     /tmp/ccdn6uN2.s:503    .text.dec2bcd:0000000000000018 $d
     /tmp/ccdn6uN2.s:508    .text.bcd2dec:0000000000000000 $t
     /tmp/ccdn6uN2.s:515    .text.bcd2dec:0000000000000000 bcd2dec
     /tmp/ccdn6uN2.s:537    .text.get_td_bits:0000000000000000 $t
     /tmp/ccdn6uN2.s:544    .text.get_td_bits:0000000000000000 get_td_bits
     /tmp/ccdn6uN2.s:717    .text.get_td_bits:00000000000000b0 $d
     /tmp/ccdn6uN2.s:724    .rodata.set_date.str1.4:0000000000000000 $d
     /tmp/ccdn6uN2.s:734    .text.set_date:0000000000000000 $t
     /tmp/ccdn6uN2.s:741    .text.set_date:0000000000000000 set_date
     /tmp/ccdn6uN2.s:864    .text.set_date:0000000000000070 $d
     /tmp/ccdn6uN2.s:872    .rodata.set_time.str1.4:0000000000000000 $d
     /tmp/ccdn6uN2.s:882    .text.set_time:0000000000000000 $t
     /tmp/ccdn6uN2.s:889    .text.set_time:0000000000000000 set_time
     /tmp/ccdn6uN2.s:1019   .text.set_time:000000000000007c $d
     /tmp/ccdn6uN2.s:1027   .text.RetargetRTC:0000000000000000 $t
     /tmp/ccdn6uN2.s:1034   .text.RetargetRTC:0000000000000000 RetargetRTC
     /tmp/ccdn6uN2.s:1051   .text.RetargetRTC:0000000000000008 $d
     /tmp/ccdn6uN2.s:1071   .bss.led:0000000000000000 led
     /tmp/ccdn6uN2.s:1064   .bss.alarm_flag:0000000000000000 alarm_flag
     /tmp/ccdn6uN2.s:1060   .bss.alarm_flag:0000000000000000 $d
     /tmp/ccdn6uN2.s:1067   .bss.led:0000000000000000 $d

UNDEFINED SYMBOLS
HAL_GPIO_WritePin
HAL_GetTick
malloc
HAL_RTC_GetTime
HAL_RTC_GetDate
puts
mktime
HAL_RTC_SetDate
HAL_RTC_SetTime
