ARM GAS  /tmp/ccBpYcw2.s 			page 1


   1              		.cpu cortex-m4
   2              		.eabi_attribute 27, 1
   3              		.eabi_attribute 28, 1
   4              		.eabi_attribute 20, 1
   5              		.eabi_attribute 21, 1
   6              		.eabi_attribute 23, 3
   7              		.eabi_attribute 24, 1
   8              		.eabi_attribute 25, 1
   9              		.eabi_attribute 26, 1
  10              		.eabi_attribute 30, 1
  11              		.eabi_attribute 34, 1
  12              		.eabi_attribute 18, 4
  13              		.file	"stm32l4xx_it.c"
  14              		.text
  15              	.Ltext0:
  16              		.cfi_sections	.debug_frame
  17              		.section	.text.NMI_Handler,"ax",%progbits
  18              		.align	1
  19              		.global	NMI_Handler
  20              		.arch armv7e-m
  21              		.syntax unified
  22              		.thumb
  23              		.thumb_func
  24              		.fpu fpv4-sp-d16
  26              	NMI_Handler:
  27              	.LFB287:
  28              		.file 1 "Src/stm32l4xx_it.c"
   1:Src/stm32l4xx_it.c **** /* USER CODE BEGIN Header */
   2:Src/stm32l4xx_it.c **** /**
   3:Src/stm32l4xx_it.c ****   ******************************************************************************
   4:Src/stm32l4xx_it.c ****   * @file    stm32l4xx_it.c
   5:Src/stm32l4xx_it.c ****   * @brief   Interrupt Service Routines.
   6:Src/stm32l4xx_it.c ****   ******************************************************************************
   7:Src/stm32l4xx_it.c ****   * @attention
   8:Src/stm32l4xx_it.c ****   *
   9:Src/stm32l4xx_it.c ****   * <h2><center>&copy; Copyright (c) 2020 STMicroelectronics.
  10:Src/stm32l4xx_it.c ****   * All rights reserved.</center></h2>
  11:Src/stm32l4xx_it.c ****   *
  12:Src/stm32l4xx_it.c ****   * This software component is licensed by ST under BSD 3-Clause license,
  13:Src/stm32l4xx_it.c ****   * the "License"; You may not use this file except in compliance with the
  14:Src/stm32l4xx_it.c ****   * License. You may obtain a copy of the License at:
  15:Src/stm32l4xx_it.c ****   *                        opensource.org/licenses/BSD-3-Clause
  16:Src/stm32l4xx_it.c ****   *
  17:Src/stm32l4xx_it.c ****   ******************************************************************************
  18:Src/stm32l4xx_it.c ****   */
  19:Src/stm32l4xx_it.c **** /* USER CODE END Header */
  20:Src/stm32l4xx_it.c **** 
  21:Src/stm32l4xx_it.c **** /* Includes ------------------------------------------------------------------*/
  22:Src/stm32l4xx_it.c **** #include "main.h"
  23:Src/stm32l4xx_it.c **** #include "stm32l4xx_it.h"
  24:Src/stm32l4xx_it.c **** /* Private includes ----------------------------------------------------------*/
  25:Src/stm32l4xx_it.c **** /* USER CODE BEGIN Includes */
  26:Src/stm32l4xx_it.c **** #include <stdio.h>
  27:Src/stm32l4xx_it.c **** #include "command.h"
  28:Src/stm32l4xx_it.c **** #include "buffer.h"
  29:Src/stm32l4xx_it.c **** #include "rtc.h"
  30:Src/stm32l4xx_it.c **** #include "sensor.h"
ARM GAS  /tmp/ccBpYcw2.s 			page 2


  31:Src/stm32l4xx_it.c **** /* USER CODE END Includes */
  32:Src/stm32l4xx_it.c **** 
  33:Src/stm32l4xx_it.c **** /* Private typedef -----------------------------------------------------------*/
  34:Src/stm32l4xx_it.c **** /* USER CODE BEGIN TD */
  35:Src/stm32l4xx_it.c **** 
  36:Src/stm32l4xx_it.c **** /* USER CODE END TD */
  37:Src/stm32l4xx_it.c **** 
  38:Src/stm32l4xx_it.c **** /* Private define ------------------------------------------------------------*/
  39:Src/stm32l4xx_it.c **** /* USER CODE BEGIN PD */
  40:Src/stm32l4xx_it.c **** /* USER CODE END PD */
  41:Src/stm32l4xx_it.c **** 
  42:Src/stm32l4xx_it.c **** /* Private macro -------------------------------------------------------------*/
  43:Src/stm32l4xx_it.c **** /* USER CODE BEGIN PM */
  44:Src/stm32l4xx_it.c **** 
  45:Src/stm32l4xx_it.c **** /* USER CODE END PM */
  46:Src/stm32l4xx_it.c **** 
  47:Src/stm32l4xx_it.c **** /* Private variables ---------------------------------------------------------*/
  48:Src/stm32l4xx_it.c **** /* USER CODE BEGIN PV */
  49:Src/stm32l4xx_it.c **** 
  50:Src/stm32l4xx_it.c **** /* USER CODE END PV */
  51:Src/stm32l4xx_it.c **** 
  52:Src/stm32l4xx_it.c **** /* Private function prototypes -----------------------------------------------*/
  53:Src/stm32l4xx_it.c **** /* USER CODE BEGIN PFP */
  54:Src/stm32l4xx_it.c **** 
  55:Src/stm32l4xx_it.c **** /* USER CODE END PFP */
  56:Src/stm32l4xx_it.c **** 
  57:Src/stm32l4xx_it.c **** /* Private user code ---------------------------------------------------------*/
  58:Src/stm32l4xx_it.c **** /* USER CODE BEGIN 0 */
  59:Src/stm32l4xx_it.c **** 
  60:Src/stm32l4xx_it.c **** /* USER CODE END 0 */
  61:Src/stm32l4xx_it.c **** 
  62:Src/stm32l4xx_it.c **** /* External variables --------------------------------------------------------*/
  63:Src/stm32l4xx_it.c **** extern RTC_HandleTypeDef hrtc;
  64:Src/stm32l4xx_it.c **** extern DMA_HandleTypeDef hdma_tim2_ch1;
  65:Src/stm32l4xx_it.c **** extern UART_HandleTypeDef huart2;
  66:Src/stm32l4xx_it.c **** /* USER CODE BEGIN EV */
  67:Src/stm32l4xx_it.c **** 
  68:Src/stm32l4xx_it.c **** /* USER CODE END EV */
  69:Src/stm32l4xx_it.c **** 
  70:Src/stm32l4xx_it.c **** /******************************************************************************/
  71:Src/stm32l4xx_it.c **** /*           Cortex-M4 Processor Interruption and Exception Handlers          */ 
  72:Src/stm32l4xx_it.c **** /******************************************************************************/
  73:Src/stm32l4xx_it.c **** /**
  74:Src/stm32l4xx_it.c ****   * @brief This function handles Non maskable interrupt.
  75:Src/stm32l4xx_it.c ****   */
  76:Src/stm32l4xx_it.c **** void NMI_Handler(void)
  77:Src/stm32l4xx_it.c **** {
  29              		.loc 1 77 1 view -0
  30              		.cfi_startproc
  31              		@ args = 0, pretend = 0, frame = 0
  32              		@ frame_needed = 0, uses_anonymous_args = 0
  33              		@ link register save eliminated.
  78:Src/stm32l4xx_it.c ****   /* USER CODE BEGIN NonMaskableInt_IRQn 0 */
  79:Src/stm32l4xx_it.c **** 
  80:Src/stm32l4xx_it.c ****   /* USER CODE END NonMaskableInt_IRQn 0 */
  81:Src/stm32l4xx_it.c ****   /* USER CODE BEGIN NonMaskableInt_IRQn 1 */
  82:Src/stm32l4xx_it.c **** 
ARM GAS  /tmp/ccBpYcw2.s 			page 3


  83:Src/stm32l4xx_it.c ****   /* USER CODE END NonMaskableInt_IRQn 1 */
  84:Src/stm32l4xx_it.c **** }
  34              		.loc 1 84 1 view .LVU1
  35 0000 7047     		bx	lr
  36              		.cfi_endproc
  37              	.LFE287:
  39              		.section	.text.HardFault_Handler,"ax",%progbits
  40              		.align	1
  41              		.global	HardFault_Handler
  42              		.syntax unified
  43              		.thumb
  44              		.thumb_func
  45              		.fpu fpv4-sp-d16
  47              	HardFault_Handler:
  48              	.LFB288:
  85:Src/stm32l4xx_it.c **** 
  86:Src/stm32l4xx_it.c **** /**
  87:Src/stm32l4xx_it.c ****   * @brief This function handles Hard fault interrupt.
  88:Src/stm32l4xx_it.c ****   */
  89:Src/stm32l4xx_it.c **** void HardFault_Handler(void)
  90:Src/stm32l4xx_it.c **** {
  49              		.loc 1 90 1 view -0
  50              		.cfi_startproc
  51              		@ Volatile: function does not return.
  52              		@ args = 0, pretend = 0, frame = 0
  53              		@ frame_needed = 0, uses_anonymous_args = 0
  54              		@ link register save eliminated.
  55              	.L3:
  91:Src/stm32l4xx_it.c ****   /* USER CODE BEGIN HardFault_IRQn 0 */
  92:Src/stm32l4xx_it.c **** 
  93:Src/stm32l4xx_it.c ****   /* USER CODE END HardFault_IRQn 0 */
  94:Src/stm32l4xx_it.c ****   while (1)
  56              		.loc 1 94 3 discriminator 1 view .LVU3
  95:Src/stm32l4xx_it.c ****   {
  96:Src/stm32l4xx_it.c ****     /* USER CODE BEGIN W1_HardFault_IRQn 0 */
  97:Src/stm32l4xx_it.c ****     /* USER CODE END W1_HardFault_IRQn 0 */
  98:Src/stm32l4xx_it.c ****   }
  57              		.loc 1 98 3 discriminator 1 view .LVU4
  94:Src/stm32l4xx_it.c ****   {
  58              		.loc 1 94 9 discriminator 1 view .LVU5
  59 0000 FEE7     		b	.L3
  60              		.cfi_endproc
  61              	.LFE288:
  63              		.section	.text.MemManage_Handler,"ax",%progbits
  64              		.align	1
  65              		.global	MemManage_Handler
  66              		.syntax unified
  67              		.thumb
  68              		.thumb_func
  69              		.fpu fpv4-sp-d16
  71              	MemManage_Handler:
  72              	.LFB289:
  99:Src/stm32l4xx_it.c **** }
 100:Src/stm32l4xx_it.c **** 
 101:Src/stm32l4xx_it.c **** /**
 102:Src/stm32l4xx_it.c ****   * @brief This function handles Memory management fault.
 103:Src/stm32l4xx_it.c ****   */
ARM GAS  /tmp/ccBpYcw2.s 			page 4


 104:Src/stm32l4xx_it.c **** void MemManage_Handler(void)
 105:Src/stm32l4xx_it.c **** {
  73              		.loc 1 105 1 view -0
  74              		.cfi_startproc
  75              		@ Volatile: function does not return.
  76              		@ args = 0, pretend = 0, frame = 0
  77              		@ frame_needed = 0, uses_anonymous_args = 0
  78              		@ link register save eliminated.
  79              	.L5:
 106:Src/stm32l4xx_it.c ****   /* USER CODE BEGIN MemoryManagement_IRQn 0 */
 107:Src/stm32l4xx_it.c **** 
 108:Src/stm32l4xx_it.c ****   /* USER CODE END MemoryManagement_IRQn 0 */
 109:Src/stm32l4xx_it.c ****   while (1)
  80              		.loc 1 109 3 discriminator 1 view .LVU7
 110:Src/stm32l4xx_it.c ****   {
 111:Src/stm32l4xx_it.c ****     /* USER CODE BEGIN W1_MemoryManagement_IRQn 0 */
 112:Src/stm32l4xx_it.c ****     /* USER CODE END W1_MemoryManagement_IRQn 0 */
 113:Src/stm32l4xx_it.c ****   }
  81              		.loc 1 113 3 discriminator 1 view .LVU8
 109:Src/stm32l4xx_it.c ****   {
  82              		.loc 1 109 9 discriminator 1 view .LVU9
  83 0000 FEE7     		b	.L5
  84              		.cfi_endproc
  85              	.LFE289:
  87              		.section	.text.BusFault_Handler,"ax",%progbits
  88              		.align	1
  89              		.global	BusFault_Handler
  90              		.syntax unified
  91              		.thumb
  92              		.thumb_func
  93              		.fpu fpv4-sp-d16
  95              	BusFault_Handler:
  96              	.LFB290:
 114:Src/stm32l4xx_it.c **** }
 115:Src/stm32l4xx_it.c **** 
 116:Src/stm32l4xx_it.c **** /**
 117:Src/stm32l4xx_it.c ****   * @brief This function handles Prefetch fault, memory access fault.
 118:Src/stm32l4xx_it.c ****   */
 119:Src/stm32l4xx_it.c **** void BusFault_Handler(void)
 120:Src/stm32l4xx_it.c **** {
  97              		.loc 1 120 1 view -0
  98              		.cfi_startproc
  99              		@ Volatile: function does not return.
 100              		@ args = 0, pretend = 0, frame = 0
 101              		@ frame_needed = 0, uses_anonymous_args = 0
 102              		@ link register save eliminated.
 103              	.L7:
 121:Src/stm32l4xx_it.c ****   /* USER CODE BEGIN BusFault_IRQn 0 */
 122:Src/stm32l4xx_it.c **** 
 123:Src/stm32l4xx_it.c ****   /* USER CODE END BusFault_IRQn 0 */
 124:Src/stm32l4xx_it.c ****   while (1)
 104              		.loc 1 124 3 discriminator 1 view .LVU11
 125:Src/stm32l4xx_it.c ****   {
 126:Src/stm32l4xx_it.c ****     /* USER CODE BEGIN W1_BusFault_IRQn 0 */
 127:Src/stm32l4xx_it.c ****     /* USER CODE END W1_BusFault_IRQn 0 */
 128:Src/stm32l4xx_it.c ****   }
 105              		.loc 1 128 3 discriminator 1 view .LVU12
ARM GAS  /tmp/ccBpYcw2.s 			page 5


 124:Src/stm32l4xx_it.c ****   {
 106              		.loc 1 124 9 discriminator 1 view .LVU13
 107 0000 FEE7     		b	.L7
 108              		.cfi_endproc
 109              	.LFE290:
 111              		.section	.text.UsageFault_Handler,"ax",%progbits
 112              		.align	1
 113              		.global	UsageFault_Handler
 114              		.syntax unified
 115              		.thumb
 116              		.thumb_func
 117              		.fpu fpv4-sp-d16
 119              	UsageFault_Handler:
 120              	.LFB291:
 129:Src/stm32l4xx_it.c **** }
 130:Src/stm32l4xx_it.c **** 
 131:Src/stm32l4xx_it.c **** /**
 132:Src/stm32l4xx_it.c ****   * @brief This function handles Undefined instruction or illegal state.
 133:Src/stm32l4xx_it.c ****   */
 134:Src/stm32l4xx_it.c **** void UsageFault_Handler(void)
 135:Src/stm32l4xx_it.c **** {
 121              		.loc 1 135 1 view -0
 122              		.cfi_startproc
 123              		@ Volatile: function does not return.
 124              		@ args = 0, pretend = 0, frame = 0
 125              		@ frame_needed = 0, uses_anonymous_args = 0
 126              		@ link register save eliminated.
 127              	.L9:
 136:Src/stm32l4xx_it.c ****   /* USER CODE BEGIN UsageFault_IRQn 0 */
 137:Src/stm32l4xx_it.c **** 
 138:Src/stm32l4xx_it.c ****   /* USER CODE END UsageFault_IRQn 0 */
 139:Src/stm32l4xx_it.c ****   while (1)
 128              		.loc 1 139 3 discriminator 1 view .LVU15
 140:Src/stm32l4xx_it.c ****   {
 141:Src/stm32l4xx_it.c ****     /* USER CODE BEGIN W1_UsageFault_IRQn 0 */
 142:Src/stm32l4xx_it.c ****     /* USER CODE END W1_UsageFault_IRQn 0 */
 143:Src/stm32l4xx_it.c ****   }
 129              		.loc 1 143 3 discriminator 1 view .LVU16
 139:Src/stm32l4xx_it.c ****   {
 130              		.loc 1 139 9 discriminator 1 view .LVU17
 131 0000 FEE7     		b	.L9
 132              		.cfi_endproc
 133              	.LFE291:
 135              		.section	.text.SVC_Handler,"ax",%progbits
 136              		.align	1
 137              		.global	SVC_Handler
 138              		.syntax unified
 139              		.thumb
 140              		.thumb_func
 141              		.fpu fpv4-sp-d16
 143              	SVC_Handler:
 144              	.LFB292:
 144:Src/stm32l4xx_it.c **** }
 145:Src/stm32l4xx_it.c **** 
 146:Src/stm32l4xx_it.c **** /**
 147:Src/stm32l4xx_it.c ****   * @brief This function handles System service call via SWI instruction.
 148:Src/stm32l4xx_it.c ****   */
ARM GAS  /tmp/ccBpYcw2.s 			page 6


 149:Src/stm32l4xx_it.c **** void SVC_Handler(void)
 150:Src/stm32l4xx_it.c **** {
 145              		.loc 1 150 1 view -0
 146              		.cfi_startproc
 147              		@ args = 0, pretend = 0, frame = 0
 148              		@ frame_needed = 0, uses_anonymous_args = 0
 149              		@ link register save eliminated.
 151:Src/stm32l4xx_it.c ****   /* USER CODE BEGIN SVCall_IRQn 0 */
 152:Src/stm32l4xx_it.c **** 
 153:Src/stm32l4xx_it.c ****   /* USER CODE END SVCall_IRQn 0 */
 154:Src/stm32l4xx_it.c ****   /* USER CODE BEGIN SVCall_IRQn 1 */
 155:Src/stm32l4xx_it.c **** 
 156:Src/stm32l4xx_it.c ****   /* USER CODE END SVCall_IRQn 1 */
 157:Src/stm32l4xx_it.c **** }
 150              		.loc 1 157 1 view .LVU19
 151 0000 7047     		bx	lr
 152              		.cfi_endproc
 153              	.LFE292:
 155              		.section	.text.DebugMon_Handler,"ax",%progbits
 156              		.align	1
 157              		.global	DebugMon_Handler
 158              		.syntax unified
 159              		.thumb
 160              		.thumb_func
 161              		.fpu fpv4-sp-d16
 163              	DebugMon_Handler:
 164              	.LFB293:
 158:Src/stm32l4xx_it.c **** 
 159:Src/stm32l4xx_it.c **** /**
 160:Src/stm32l4xx_it.c ****   * @brief This function handles Debug monitor.
 161:Src/stm32l4xx_it.c ****   */
 162:Src/stm32l4xx_it.c **** void DebugMon_Handler(void)
 163:Src/stm32l4xx_it.c **** {
 165              		.loc 1 163 1 view -0
 166              		.cfi_startproc
 167              		@ args = 0, pretend = 0, frame = 0
 168              		@ frame_needed = 0, uses_anonymous_args = 0
 169              		@ link register save eliminated.
 164:Src/stm32l4xx_it.c ****   /* USER CODE BEGIN DebugMonitor_IRQn 0 */
 165:Src/stm32l4xx_it.c **** 
 166:Src/stm32l4xx_it.c ****   /* USER CODE END DebugMonitor_IRQn 0 */
 167:Src/stm32l4xx_it.c ****   /* USER CODE BEGIN DebugMonitor_IRQn 1 */
 168:Src/stm32l4xx_it.c **** 
 169:Src/stm32l4xx_it.c ****   /* USER CODE END DebugMonitor_IRQn 1 */
 170:Src/stm32l4xx_it.c **** }
 170              		.loc 1 170 1 view .LVU21
 171 0000 7047     		bx	lr
 172              		.cfi_endproc
 173              	.LFE293:
 175              		.section	.text.PendSV_Handler,"ax",%progbits
 176              		.align	1
 177              		.global	PendSV_Handler
 178              		.syntax unified
 179              		.thumb
 180              		.thumb_func
 181              		.fpu fpv4-sp-d16
 183              	PendSV_Handler:
ARM GAS  /tmp/ccBpYcw2.s 			page 7


 184              	.LFB294:
 171:Src/stm32l4xx_it.c **** 
 172:Src/stm32l4xx_it.c **** /**
 173:Src/stm32l4xx_it.c ****   * @brief This function handles Pendable request for system service.
 174:Src/stm32l4xx_it.c ****   */
 175:Src/stm32l4xx_it.c **** void PendSV_Handler(void)
 176:Src/stm32l4xx_it.c **** {
 185              		.loc 1 176 1 view -0
 186              		.cfi_startproc
 187              		@ args = 0, pretend = 0, frame = 0
 188              		@ frame_needed = 0, uses_anonymous_args = 0
 189              		@ link register save eliminated.
 177:Src/stm32l4xx_it.c ****   /* USER CODE BEGIN PendSV_IRQn 0 */
 178:Src/stm32l4xx_it.c **** 
 179:Src/stm32l4xx_it.c ****   /* USER CODE END PendSV_IRQn 0 */
 180:Src/stm32l4xx_it.c ****   /* USER CODE BEGIN PendSV_IRQn 1 */
 181:Src/stm32l4xx_it.c **** 
 182:Src/stm32l4xx_it.c ****   /* USER CODE END PendSV_IRQn 1 */
 183:Src/stm32l4xx_it.c **** }
 190              		.loc 1 183 1 view .LVU23
 191 0000 7047     		bx	lr
 192              		.cfi_endproc
 193              	.LFE294:
 195              		.section	.text.SysTick_Handler,"ax",%progbits
 196              		.align	1
 197              		.global	SysTick_Handler
 198              		.syntax unified
 199              		.thumb
 200              		.thumb_func
 201              		.fpu fpv4-sp-d16
 203              	SysTick_Handler:
 204              	.LFB295:
 184:Src/stm32l4xx_it.c **** 
 185:Src/stm32l4xx_it.c **** /**
 186:Src/stm32l4xx_it.c ****   * @brief This function handles System tick timer.
 187:Src/stm32l4xx_it.c ****   */
 188:Src/stm32l4xx_it.c **** void SysTick_Handler(void)
 189:Src/stm32l4xx_it.c **** {
 205              		.loc 1 189 1 view -0
 206              		.cfi_startproc
 207              		@ args = 0, pretend = 0, frame = 0
 208              		@ frame_needed = 0, uses_anonymous_args = 0
 209 0000 08B5     		push	{r3, lr}
 210              	.LCFI0:
 211              		.cfi_def_cfa_offset 8
 212              		.cfi_offset 3, -8
 213              		.cfi_offset 14, -4
 190:Src/stm32l4xx_it.c ****   /* USER CODE BEGIN SysTick_IRQn 0 */
 191:Src/stm32l4xx_it.c **** 
 192:Src/stm32l4xx_it.c ****   /* USER CODE END SysTick_IRQn 0 */
 193:Src/stm32l4xx_it.c ****   HAL_IncTick();
 214              		.loc 1 193 3 view .LVU25
 215 0002 FFF7FEFF 		bl	HAL_IncTick
 216              	.LVL0:
 194:Src/stm32l4xx_it.c ****   /* USER CODE BEGIN SysTick_IRQn 1 */
 195:Src/stm32l4xx_it.c **** 
 196:Src/stm32l4xx_it.c ****   /* USER CODE END SysTick_IRQn 1 */
ARM GAS  /tmp/ccBpYcw2.s 			page 8


 197:Src/stm32l4xx_it.c **** }
 217              		.loc 1 197 1 is_stmt 0 view .LVU26
 218 0006 08BD     		pop	{r3, pc}
 219              		.cfi_endproc
 220              	.LFE295:
 222              		.section	.text.DMA1_Channel5_IRQHandler,"ax",%progbits
 223              		.align	1
 224              		.global	DMA1_Channel5_IRQHandler
 225              		.syntax unified
 226              		.thumb
 227              		.thumb_func
 228              		.fpu fpv4-sp-d16
 230              	DMA1_Channel5_IRQHandler:
 231              	.LFB296:
 198:Src/stm32l4xx_it.c **** 
 199:Src/stm32l4xx_it.c **** /******************************************************************************/
 200:Src/stm32l4xx_it.c **** /* STM32L4xx Peripheral Interrupt Handlers                                    */
 201:Src/stm32l4xx_it.c **** /* Add here the Interrupt Handlers for the used peripherals.                  */
 202:Src/stm32l4xx_it.c **** /* For the available peripheral interrupt handler names,                      */
 203:Src/stm32l4xx_it.c **** /* please refer to the startup file (startup_stm32l4xx.s).                    */
 204:Src/stm32l4xx_it.c **** /******************************************************************************/
 205:Src/stm32l4xx_it.c **** 
 206:Src/stm32l4xx_it.c **** /**
 207:Src/stm32l4xx_it.c ****   * @brief This function handles DMA1 channel5 global interrupt.
 208:Src/stm32l4xx_it.c ****   */
 209:Src/stm32l4xx_it.c **** void DMA1_Channel5_IRQHandler(void)
 210:Src/stm32l4xx_it.c **** {
 232              		.loc 1 210 1 is_stmt 1 view -0
 233              		.cfi_startproc
 234              		@ args = 0, pretend = 0, frame = 0
 235              		@ frame_needed = 0, uses_anonymous_args = 0
 236 0000 08B5     		push	{r3, lr}
 237              	.LCFI1:
 238              		.cfi_def_cfa_offset 8
 239              		.cfi_offset 3, -8
 240              		.cfi_offset 14, -4
 211:Src/stm32l4xx_it.c ****   /* USER CODE BEGIN DMA1_Channel5_IRQn 0 */
 212:Src/stm32l4xx_it.c **** 
 213:Src/stm32l4xx_it.c ****   /* USER CODE END DMA1_Channel5_IRQn 0 */
 214:Src/stm32l4xx_it.c ****   HAL_DMA_IRQHandler(&hdma_tim2_ch1);
 241              		.loc 1 214 3 view .LVU28
 242 0002 0248     		ldr	r0, .L17
 243 0004 FFF7FEFF 		bl	HAL_DMA_IRQHandler
 244              	.LVL1:
 215:Src/stm32l4xx_it.c ****   /* USER CODE BEGIN DMA1_Channel5_IRQn 1 */
 216:Src/stm32l4xx_it.c **** 
 217:Src/stm32l4xx_it.c ****   /* USER CODE END DMA1_Channel5_IRQn 1 */
 218:Src/stm32l4xx_it.c **** }
 245              		.loc 1 218 1 is_stmt 0 view .LVU29
 246 0008 08BD     		pop	{r3, pc}
 247              	.L18:
 248 000a 00BF     		.align	2
 249              	.L17:
 250 000c 00000000 		.word	hdma_tim2_ch1
 251              		.cfi_endproc
 252              	.LFE296:
 254              		.section	.text.USART2_IRQHandler,"ax",%progbits
ARM GAS  /tmp/ccBpYcw2.s 			page 9


 255              		.align	1
 256              		.global	USART2_IRQHandler
 257              		.syntax unified
 258              		.thumb
 259              		.thumb_func
 260              		.fpu fpv4-sp-d16
 262              	USART2_IRQHandler:
 263              	.LFB297:
 219:Src/stm32l4xx_it.c **** 
 220:Src/stm32l4xx_it.c **** /**
 221:Src/stm32l4xx_it.c ****   * @brief This function handles USART2 global interrupt.
 222:Src/stm32l4xx_it.c ****   */
 223:Src/stm32l4xx_it.c **** void USART2_IRQHandler(void)
 224:Src/stm32l4xx_it.c **** {
 264              		.loc 1 224 1 is_stmt 1 view -0
 265              		.cfi_startproc
 266              		@ args = 0, pretend = 0, frame = 0
 267              		@ frame_needed = 0, uses_anonymous_args = 0
 268 0000 08B5     		push	{r3, lr}
 269              	.LCFI2:
 270              		.cfi_def_cfa_offset 8
 271              		.cfi_offset 3, -8
 272              		.cfi_offset 14, -4
 225:Src/stm32l4xx_it.c ****   /* USER CODE BEGIN USART2_IRQn 0 */
 226:Src/stm32l4xx_it.c ****   
 227:Src/stm32l4xx_it.c ****   /* USER CODE END USART2_IRQn 0 */
 228:Src/stm32l4xx_it.c ****   HAL_UART_IRQHandler(&huart2);
 273              		.loc 1 228 3 view .LVU31
 274 0002 0448     		ldr	r0, .L21
 275 0004 FFF7FEFF 		bl	HAL_UART_IRQHandler
 276              	.LVL2:
 229:Src/stm32l4xx_it.c ****   /* USER CODE BEGIN USART2_IRQn 1 */
 230:Src/stm32l4xx_it.c **** 
 231:Src/stm32l4xx_it.c ****   uint8_t ch;
 277              		.loc 1 231 3 view .LVU32
 232:Src/stm32l4xx_it.c ****   ch = getchar();
 278              		.loc 1 232 3 view .LVU33
 279              		.loc 1 232 8 is_stmt 0 view .LVU34
 280 0008 FFF7FEFF 		bl	getchar
 281              	.LVL3:
 233:Src/stm32l4xx_it.c ****   
 234:Src/stm32l4xx_it.c ****   buf_enqueue(ch);
 282              		.loc 1 234 3 is_stmt 1 view .LVU35
 283 000c C0B2     		uxtb	r0, r0
 284              		.loc 1 234 3 is_stmt 0 view .LVU36
 285 000e FFF7FEFF 		bl	buf_enqueue
 286              	.LVL4:
 235:Src/stm32l4xx_it.c ****   /* USER CODE END USART2_IRQn 1 */
 236:Src/stm32l4xx_it.c **** }
 287              		.loc 1 236 1 view .LVU37
 288 0012 08BD     		pop	{r3, pc}
 289              	.L22:
 290              		.align	2
 291              	.L21:
 292 0014 00000000 		.word	huart2
 293              		.cfi_endproc
 294              	.LFE297:
ARM GAS  /tmp/ccBpYcw2.s 			page 10


 296              		.section	.text.RTC_Alarm_IRQHandler,"ax",%progbits
 297              		.align	1
 298              		.global	RTC_Alarm_IRQHandler
 299              		.syntax unified
 300              		.thumb
 301              		.thumb_func
 302              		.fpu fpv4-sp-d16
 304              	RTC_Alarm_IRQHandler:
 305              	.LFB298:
 237:Src/stm32l4xx_it.c **** 
 238:Src/stm32l4xx_it.c **** /**
 239:Src/stm32l4xx_it.c ****   * @brief This function handles RTC alarm interrupt through EXTI line 18.
 240:Src/stm32l4xx_it.c ****   */
 241:Src/stm32l4xx_it.c **** void RTC_Alarm_IRQHandler(void)
 242:Src/stm32l4xx_it.c **** {
 306              		.loc 1 242 1 is_stmt 1 view -0
 307              		.cfi_startproc
 308              		@ args = 0, pretend = 0, frame = 0
 309              		@ frame_needed = 0, uses_anonymous_args = 0
 310 0000 08B5     		push	{r3, lr}
 311              	.LCFI3:
 312              		.cfi_def_cfa_offset 8
 313              		.cfi_offset 3, -8
 314              		.cfi_offset 14, -4
 243:Src/stm32l4xx_it.c ****   /* USER CODE BEGIN RTC_Alarm_IRQn 0 */
 244:Src/stm32l4xx_it.c **** 
 245:Src/stm32l4xx_it.c ****   /* USER CODE END RTC_Alarm_IRQn 0 */
 246:Src/stm32l4xx_it.c ****   HAL_RTC_AlarmIRQHandler(&hrtc);
 315              		.loc 1 246 3 view .LVU39
 316 0002 0348     		ldr	r0, .L25
 317 0004 FFF7FEFF 		bl	HAL_RTC_AlarmIRQHandler
 318              	.LVL5:
 247:Src/stm32l4xx_it.c ****   /* USER CODE BEGIN RTC_Alarm_IRQn 1 */
 248:Src/stm32l4xx_it.c ****   set_alarm();  //sets a global alarm_flag variable
 319              		.loc 1 248 3 view .LVU40
 320 0008 FFF7FEFF 		bl	set_alarm
 321              	.LVL6:
 249:Src/stm32l4xx_it.c ****   /* USER CODE END RTC_Alarm_IRQn 1 */
 250:Src/stm32l4xx_it.c **** }
 322              		.loc 1 250 1 is_stmt 0 view .LVU41
 323 000c 08BD     		pop	{r3, pc}
 324              	.L26:
 325 000e 00BF     		.align	2
 326              	.L25:
 327 0010 00000000 		.word	hrtc
 328              		.cfi_endproc
 329              	.LFE298:
 331              		.text
 332              	.Letext0:
 333              		.file 2 "/nfs/nfs5/home/research/hardware/arm2/gcc-arm-embedded/gcc-arm-none-eabi-9-2019-q4-major/
 334              		.file 3 "/nfs/nfs5/home/research/hardware/arm2/gcc-arm-embedded/gcc-arm-none-eabi-9-2019-q4-major/
 335              		.file 4 "Drivers/CMSIS/Include/core_cm4.h"
 336              		.file 5 "Drivers/CMSIS/Device/ST/STM32L4xx/Include/system_stm32l4xx.h"
 337              		.file 6 "Drivers/CMSIS/Device/ST/STM32L4xx/Include/stm32l432xx.h"
 338              		.file 7 "Drivers/STM32L4xx_HAL_Driver/Inc/stm32l4xx_hal_def.h"
 339              		.file 8 "Drivers/STM32L4xx_HAL_Driver/Inc/stm32l4xx_hal_dma.h"
 340              		.file 9 "Drivers/STM32L4xx_HAL_Driver/Inc/stm32l4xx_hal_flash.h"
ARM GAS  /tmp/ccBpYcw2.s 			page 11


 341              		.file 10 "Drivers/STM32L4xx_HAL_Driver/Inc/stm32l4xx_hal_rtc.h"
 342              		.file 11 "Drivers/STM32L4xx_HAL_Driver/Inc/stm32l4xx_hal_uart.h"
 343              		.file 12 "Drivers/STM32L4xx_HAL_Driver/Inc/stm32l4xx_hal.h"
 344              		.file 13 "/nfs/nfs5/home/research/hardware/arm2/gcc-arm-embedded/gcc-arm-none-eabi-9-2019-q4-major
 345              		.file 14 "/nfs/nfs5/home/research/hardware/arm2/gcc-arm-embedded/gcc-arm-none-eabi-9-2019-q4-major
 346              		.file 15 "/nfs/nfs5/home/research/hardware/arm2/gcc-arm-embedded/gcc-arm-none-eabi-9-2019-q4-major
 347              		.file 16 "/nfs/nfs5/home/research/hardware/arm2/gcc-arm-embedded/gcc-arm-none-eabi-9-2019-q4-major
 348              		.file 17 "Inc/rtc.h"
 349              		.file 18 "/nfs/nfs5/home/research/hardware/arm2/gcc-arm-embedded/gcc-arm-none-eabi-9-2019-q4-major
 350              		.file 19 "Inc/buffer.h"
ARM GAS  /tmp/ccBpYcw2.s 			page 12


DEFINED SYMBOLS
                            *ABS*:0000000000000000 stm32l4xx_it.c
     /tmp/ccBpYcw2.s:18     .text.NMI_Handler:0000000000000000 $t
     /tmp/ccBpYcw2.s:26     .text.NMI_Handler:0000000000000000 NMI_Handler
     /tmp/ccBpYcw2.s:40     .text.HardFault_Handler:0000000000000000 $t
     /tmp/ccBpYcw2.s:47     .text.HardFault_Handler:0000000000000000 HardFault_Handler
     /tmp/ccBpYcw2.s:64     .text.MemManage_Handler:0000000000000000 $t
     /tmp/ccBpYcw2.s:71     .text.MemManage_Handler:0000000000000000 MemManage_Handler
     /tmp/ccBpYcw2.s:88     .text.BusFault_Handler:0000000000000000 $t
     /tmp/ccBpYcw2.s:95     .text.BusFault_Handler:0000000000000000 BusFault_Handler
     /tmp/ccBpYcw2.s:112    .text.UsageFault_Handler:0000000000000000 $t
     /tmp/ccBpYcw2.s:119    .text.UsageFault_Handler:0000000000000000 UsageFault_Handler
     /tmp/ccBpYcw2.s:136    .text.SVC_Handler:0000000000000000 $t
     /tmp/ccBpYcw2.s:143    .text.SVC_Handler:0000000000000000 SVC_Handler
     /tmp/ccBpYcw2.s:156    .text.DebugMon_Handler:0000000000000000 $t
     /tmp/ccBpYcw2.s:163    .text.DebugMon_Handler:0000000000000000 DebugMon_Handler
     /tmp/ccBpYcw2.s:176    .text.PendSV_Handler:0000000000000000 $t
     /tmp/ccBpYcw2.s:183    .text.PendSV_Handler:0000000000000000 PendSV_Handler
     /tmp/ccBpYcw2.s:196    .text.SysTick_Handler:0000000000000000 $t
     /tmp/ccBpYcw2.s:203    .text.SysTick_Handler:0000000000000000 SysTick_Handler
     /tmp/ccBpYcw2.s:223    .text.DMA1_Channel5_IRQHandler:0000000000000000 $t
     /tmp/ccBpYcw2.s:230    .text.DMA1_Channel5_IRQHandler:0000000000000000 DMA1_Channel5_IRQHandler
     /tmp/ccBpYcw2.s:250    .text.DMA1_Channel5_IRQHandler:000000000000000c $d
     /tmp/ccBpYcw2.s:255    .text.USART2_IRQHandler:0000000000000000 $t
     /tmp/ccBpYcw2.s:262    .text.USART2_IRQHandler:0000000000000000 USART2_IRQHandler
     /tmp/ccBpYcw2.s:292    .text.USART2_IRQHandler:0000000000000014 $d
     /tmp/ccBpYcw2.s:297    .text.RTC_Alarm_IRQHandler:0000000000000000 $t
     /tmp/ccBpYcw2.s:304    .text.RTC_Alarm_IRQHandler:0000000000000000 RTC_Alarm_IRQHandler
     /tmp/ccBpYcw2.s:327    .text.RTC_Alarm_IRQHandler:0000000000000010 $d

UNDEFINED SYMBOLS
HAL_IncTick
HAL_DMA_IRQHandler
hdma_tim2_ch1
HAL_UART_IRQHandler
getchar
buf_enqueue
huart2
HAL_RTC_AlarmIRQHandler
set_alarm
hrtc
