ARM GAS  /tmp/ccvrOxS5.s 			page 1


   1              		.cpu cortex-m4
   2              		.eabi_attribute 27, 1
   3              		.eabi_attribute 28, 1
   4              		.eabi_attribute 20, 1
   5              		.eabi_attribute 21, 1
   6              		.eabi_attribute 23, 3
   7              		.eabi_attribute 24, 1
   8              		.eabi_attribute 25, 1
   9              		.eabi_attribute 26, 1
  10              		.eabi_attribute 30, 1
  11              		.eabi_attribute 34, 1
  12              		.eabi_attribute 18, 4
  13              		.file	"stm32l4xx_hal_msp.c"
  14              		.text
  15              	.Ltext0:
  16              		.cfi_sections	.debug_frame
  17              		.section	.text.HAL_MspInit,"ax",%progbits
  18              		.align	1
  19              		.global	HAL_MspInit
  20              		.arch armv7e-m
  21              		.syntax unified
  22              		.thumb
  23              		.thumb_func
  24              		.fpu fpv4-sp-d16
  26              	HAL_MspInit:
  27              	.LFB284:
  28              		.file 1 "Src/stm32l4xx_hal_msp.c"
   1:Src/stm32l4xx_hal_msp.c **** /* USER CODE BEGIN Header */
   2:Src/stm32l4xx_hal_msp.c **** /**
   3:Src/stm32l4xx_hal_msp.c ****   ******************************************************************************
   4:Src/stm32l4xx_hal_msp.c ****   * File Name          : stm32l4xx_hal_msp.c
   5:Src/stm32l4xx_hal_msp.c ****   * Description        : This file provides code for the MSP Initialization 
   6:Src/stm32l4xx_hal_msp.c ****   *                      and de-Initialization codes.
   7:Src/stm32l4xx_hal_msp.c ****   ******************************************************************************
   8:Src/stm32l4xx_hal_msp.c ****   * @attention
   9:Src/stm32l4xx_hal_msp.c ****   *
  10:Src/stm32l4xx_hal_msp.c ****   * <h2><center>&copy; Copyright (c) 2020 STMicroelectronics.
  11:Src/stm32l4xx_hal_msp.c ****   * All rights reserved.</center></h2>
  12:Src/stm32l4xx_hal_msp.c ****   *
  13:Src/stm32l4xx_hal_msp.c ****   * This software component is licensed by ST under BSD 3-Clause license,
  14:Src/stm32l4xx_hal_msp.c ****   * the "License"; You may not use this file except in compliance with the
  15:Src/stm32l4xx_hal_msp.c ****   * License. You may obtain a copy of the License at:
  16:Src/stm32l4xx_hal_msp.c ****   *                        opensource.org/licenses/BSD-3-Clause
  17:Src/stm32l4xx_hal_msp.c ****   *
  18:Src/stm32l4xx_hal_msp.c ****   ******************************************************************************
  19:Src/stm32l4xx_hal_msp.c ****   */
  20:Src/stm32l4xx_hal_msp.c **** /* USER CODE END Header */
  21:Src/stm32l4xx_hal_msp.c **** 
  22:Src/stm32l4xx_hal_msp.c **** /* Includes ------------------------------------------------------------------*/
  23:Src/stm32l4xx_hal_msp.c **** #include "main.h"
  24:Src/stm32l4xx_hal_msp.c **** /* USER CODE BEGIN Includes */
  25:Src/stm32l4xx_hal_msp.c **** 
  26:Src/stm32l4xx_hal_msp.c **** /* USER CODE END Includes */
  27:Src/stm32l4xx_hal_msp.c **** extern DMA_HandleTypeDef hdma_tim2_ch1;
  28:Src/stm32l4xx_hal_msp.c **** 
  29:Src/stm32l4xx_hal_msp.c **** /* Private typedef -----------------------------------------------------------*/
  30:Src/stm32l4xx_hal_msp.c **** /* USER CODE BEGIN TD */
ARM GAS  /tmp/ccvrOxS5.s 			page 2


  31:Src/stm32l4xx_hal_msp.c **** 
  32:Src/stm32l4xx_hal_msp.c **** /* USER CODE END TD */
  33:Src/stm32l4xx_hal_msp.c **** 
  34:Src/stm32l4xx_hal_msp.c **** /* Private define ------------------------------------------------------------*/
  35:Src/stm32l4xx_hal_msp.c **** /* USER CODE BEGIN Define */
  36:Src/stm32l4xx_hal_msp.c ****  
  37:Src/stm32l4xx_hal_msp.c **** /* USER CODE END Define */
  38:Src/stm32l4xx_hal_msp.c **** 
  39:Src/stm32l4xx_hal_msp.c **** /* Private macro -------------------------------------------------------------*/
  40:Src/stm32l4xx_hal_msp.c **** /* USER CODE BEGIN Macro */
  41:Src/stm32l4xx_hal_msp.c **** 
  42:Src/stm32l4xx_hal_msp.c **** /* USER CODE END Macro */
  43:Src/stm32l4xx_hal_msp.c **** 
  44:Src/stm32l4xx_hal_msp.c **** /* Private variables ---------------------------------------------------------*/
  45:Src/stm32l4xx_hal_msp.c **** /* USER CODE BEGIN PV */
  46:Src/stm32l4xx_hal_msp.c **** 
  47:Src/stm32l4xx_hal_msp.c **** /* USER CODE END PV */
  48:Src/stm32l4xx_hal_msp.c **** 
  49:Src/stm32l4xx_hal_msp.c **** /* Private function prototypes -----------------------------------------------*/
  50:Src/stm32l4xx_hal_msp.c **** /* USER CODE BEGIN PFP */
  51:Src/stm32l4xx_hal_msp.c **** 
  52:Src/stm32l4xx_hal_msp.c **** /* USER CODE END PFP */
  53:Src/stm32l4xx_hal_msp.c **** 
  54:Src/stm32l4xx_hal_msp.c **** /* External functions --------------------------------------------------------*/
  55:Src/stm32l4xx_hal_msp.c **** /* USER CODE BEGIN ExternalFunctions */
  56:Src/stm32l4xx_hal_msp.c **** 
  57:Src/stm32l4xx_hal_msp.c **** /* USER CODE END ExternalFunctions */
  58:Src/stm32l4xx_hal_msp.c **** 
  59:Src/stm32l4xx_hal_msp.c **** /* USER CODE BEGIN 0 */
  60:Src/stm32l4xx_hal_msp.c **** 
  61:Src/stm32l4xx_hal_msp.c **** /* USER CODE END 0 */
  62:Src/stm32l4xx_hal_msp.c **** /**
  63:Src/stm32l4xx_hal_msp.c ****   * Initializes the Global MSP.
  64:Src/stm32l4xx_hal_msp.c ****   */
  65:Src/stm32l4xx_hal_msp.c **** void HAL_MspInit(void)
  66:Src/stm32l4xx_hal_msp.c **** {
  29              		.loc 1 66 1 view -0
  30              		.cfi_startproc
  31              		@ args = 0, pretend = 0, frame = 8
  32              		@ frame_needed = 0, uses_anonymous_args = 0
  33              		@ link register save eliminated.
  34 0000 82B0     		sub	sp, sp, #8
  35              	.LCFI0:
  36              		.cfi_def_cfa_offset 8
  67:Src/stm32l4xx_hal_msp.c ****   /* USER CODE BEGIN MspInit 0 */
  68:Src/stm32l4xx_hal_msp.c **** 
  69:Src/stm32l4xx_hal_msp.c ****   /* USER CODE END MspInit 0 */
  70:Src/stm32l4xx_hal_msp.c **** 
  71:Src/stm32l4xx_hal_msp.c ****   __HAL_RCC_SYSCFG_CLK_ENABLE();
  37              		.loc 1 71 3 view .LVU1
  38              	.LBB2:
  39              		.loc 1 71 3 view .LVU2
  40              		.loc 1 71 3 view .LVU3
  41 0002 0A4B     		ldr	r3, .L3
  42 0004 1A6E     		ldr	r2, [r3, #96]
  43 0006 42F00102 		orr	r2, r2, #1
  44 000a 1A66     		str	r2, [r3, #96]
ARM GAS  /tmp/ccvrOxS5.s 			page 3


  45              		.loc 1 71 3 view .LVU4
  46 000c 1A6E     		ldr	r2, [r3, #96]
  47 000e 02F00102 		and	r2, r2, #1
  48 0012 0092     		str	r2, [sp]
  49              		.loc 1 71 3 view .LVU5
  50 0014 009A     		ldr	r2, [sp]
  51              	.LBE2:
  52              		.loc 1 71 3 view .LVU6
  72:Src/stm32l4xx_hal_msp.c ****   __HAL_RCC_PWR_CLK_ENABLE();
  53              		.loc 1 72 3 view .LVU7
  54              	.LBB3:
  55              		.loc 1 72 3 view .LVU8
  56              		.loc 1 72 3 view .LVU9
  57 0016 9A6D     		ldr	r2, [r3, #88]
  58 0018 42F08052 		orr	r2, r2, #268435456
  59 001c 9A65     		str	r2, [r3, #88]
  60              		.loc 1 72 3 view .LVU10
  61 001e 9B6D     		ldr	r3, [r3, #88]
  62 0020 03F08053 		and	r3, r3, #268435456
  63 0024 0193     		str	r3, [sp, #4]
  64              		.loc 1 72 3 view .LVU11
  65 0026 019B     		ldr	r3, [sp, #4]
  66              	.LBE3:
  67              		.loc 1 72 3 view .LVU12
  73:Src/stm32l4xx_hal_msp.c **** 
  74:Src/stm32l4xx_hal_msp.c ****   /* System interrupt init*/
  75:Src/stm32l4xx_hal_msp.c **** 
  76:Src/stm32l4xx_hal_msp.c ****   /* USER CODE BEGIN MspInit 1 */
  77:Src/stm32l4xx_hal_msp.c **** 
  78:Src/stm32l4xx_hal_msp.c ****   /* USER CODE END MspInit 1 */
  79:Src/stm32l4xx_hal_msp.c **** }
  68              		.loc 1 79 1 is_stmt 0 view .LVU13
  69 0028 02B0     		add	sp, sp, #8
  70              	.LCFI1:
  71              		.cfi_def_cfa_offset 0
  72              		@ sp needed
  73 002a 7047     		bx	lr
  74              	.L4:
  75              		.align	2
  76              	.L3:
  77 002c 00100240 		.word	1073876992
  78              		.cfi_endproc
  79              	.LFE284:
  81              		.section	.text.HAL_ADC_MspInit,"ax",%progbits
  82              		.align	1
  83              		.global	HAL_ADC_MspInit
  84              		.syntax unified
  85              		.thumb
  86              		.thumb_func
  87              		.fpu fpv4-sp-d16
  89              	HAL_ADC_MspInit:
  90              	.LVL0:
  91              	.LFB285:
  80:Src/stm32l4xx_hal_msp.c **** 
  81:Src/stm32l4xx_hal_msp.c **** /**
  82:Src/stm32l4xx_hal_msp.c **** * @brief ADC MSP Initialization
  83:Src/stm32l4xx_hal_msp.c **** * This function configures the hardware resources used in this example
ARM GAS  /tmp/ccvrOxS5.s 			page 4


  84:Src/stm32l4xx_hal_msp.c **** * @param hadc: ADC handle pointer
  85:Src/stm32l4xx_hal_msp.c **** * @retval None
  86:Src/stm32l4xx_hal_msp.c **** */
  87:Src/stm32l4xx_hal_msp.c **** void HAL_ADC_MspInit(ADC_HandleTypeDef* hadc)
  88:Src/stm32l4xx_hal_msp.c **** {
  92              		.loc 1 88 1 is_stmt 1 view -0
  93              		.cfi_startproc
  94              		@ args = 0, pretend = 0, frame = 8
  95              		@ frame_needed = 0, uses_anonymous_args = 0
  96              		@ link register save eliminated.
  89:Src/stm32l4xx_hal_msp.c ****   if(hadc->Instance==ADC1)
  97              		.loc 1 89 3 view .LVU15
  98              		.loc 1 89 10 is_stmt 0 view .LVU16
  99 0000 0268     		ldr	r2, [r0]
 100              		.loc 1 89 5 view .LVU17
 101 0002 0A4B     		ldr	r3, .L12
 102 0004 9A42     		cmp	r2, r3
 103 0006 00D0     		beq	.L11
 104 0008 7047     		bx	lr
 105              	.L11:
  88:Src/stm32l4xx_hal_msp.c ****   if(hadc->Instance==ADC1)
 106              		.loc 1 88 1 view .LVU18
 107 000a 82B0     		sub	sp, sp, #8
 108              	.LCFI2:
 109              		.cfi_def_cfa_offset 8
  90:Src/stm32l4xx_hal_msp.c ****   {
  91:Src/stm32l4xx_hal_msp.c ****   /* USER CODE BEGIN ADC1_MspInit 0 */
  92:Src/stm32l4xx_hal_msp.c **** 
  93:Src/stm32l4xx_hal_msp.c ****   /* USER CODE END ADC1_MspInit 0 */
  94:Src/stm32l4xx_hal_msp.c ****     /* Peripheral clock enable */
  95:Src/stm32l4xx_hal_msp.c ****     __HAL_RCC_ADC_CLK_ENABLE();
 110              		.loc 1 95 5 is_stmt 1 view .LVU19
 111              	.LBB4:
 112              		.loc 1 95 5 view .LVU20
 113              		.loc 1 95 5 view .LVU21
 114 000c 03F17043 		add	r3, r3, #-268435456
 115 0010 A3F5F833 		sub	r3, r3, #126976
 116 0014 DA6C     		ldr	r2, [r3, #76]
 117 0016 42F40052 		orr	r2, r2, #8192
 118 001a DA64     		str	r2, [r3, #76]
 119              		.loc 1 95 5 view .LVU22
 120 001c DB6C     		ldr	r3, [r3, #76]
 121 001e 03F40053 		and	r3, r3, #8192
 122 0022 0193     		str	r3, [sp, #4]
 123              		.loc 1 95 5 view .LVU23
 124 0024 019B     		ldr	r3, [sp, #4]
 125              	.LBE4:
 126              		.loc 1 95 5 view .LVU24
  96:Src/stm32l4xx_hal_msp.c ****   /* USER CODE BEGIN ADC1_MspInit 1 */
  97:Src/stm32l4xx_hal_msp.c **** 
  98:Src/stm32l4xx_hal_msp.c ****   /* USER CODE END ADC1_MspInit 1 */
  99:Src/stm32l4xx_hal_msp.c ****   }
 100:Src/stm32l4xx_hal_msp.c **** 
 101:Src/stm32l4xx_hal_msp.c **** }
 127              		.loc 1 101 1 is_stmt 0 view .LVU25
 128 0026 02B0     		add	sp, sp, #8
 129              	.LCFI3:
ARM GAS  /tmp/ccvrOxS5.s 			page 5


 130              		.cfi_def_cfa_offset 0
 131              		@ sp needed
 132 0028 7047     		bx	lr
 133              	.L13:
 134 002a 00BF     		.align	2
 135              	.L12:
 136 002c 00000450 		.word	1342439424
 137              		.cfi_endproc
 138              	.LFE285:
 140              		.section	.text.HAL_ADC_MspDeInit,"ax",%progbits
 141              		.align	1
 142              		.global	HAL_ADC_MspDeInit
 143              		.syntax unified
 144              		.thumb
 145              		.thumb_func
 146              		.fpu fpv4-sp-d16
 148              	HAL_ADC_MspDeInit:
 149              	.LVL1:
 150              	.LFB286:
 102:Src/stm32l4xx_hal_msp.c **** 
 103:Src/stm32l4xx_hal_msp.c **** /**
 104:Src/stm32l4xx_hal_msp.c **** * @brief ADC MSP De-Initialization
 105:Src/stm32l4xx_hal_msp.c **** * This function freeze the hardware resources used in this example
 106:Src/stm32l4xx_hal_msp.c **** * @param hadc: ADC handle pointer
 107:Src/stm32l4xx_hal_msp.c **** * @retval None
 108:Src/stm32l4xx_hal_msp.c **** */
 109:Src/stm32l4xx_hal_msp.c **** void HAL_ADC_MspDeInit(ADC_HandleTypeDef* hadc)
 110:Src/stm32l4xx_hal_msp.c **** {
 151              		.loc 1 110 1 is_stmt 1 view -0
 152              		.cfi_startproc
 153              		@ args = 0, pretend = 0, frame = 0
 154              		@ frame_needed = 0, uses_anonymous_args = 0
 155              		@ link register save eliminated.
 111:Src/stm32l4xx_hal_msp.c ****   if(hadc->Instance==ADC1)
 156              		.loc 1 111 3 view .LVU27
 157              		.loc 1 111 10 is_stmt 0 view .LVU28
 158 0000 0268     		ldr	r2, [r0]
 159              		.loc 1 111 5 view .LVU29
 160 0002 054B     		ldr	r3, .L17
 161 0004 9A42     		cmp	r2, r3
 162 0006 00D0     		beq	.L16
 163              	.L14:
 112:Src/stm32l4xx_hal_msp.c ****   {
 113:Src/stm32l4xx_hal_msp.c ****   /* USER CODE BEGIN ADC1_MspDeInit 0 */
 114:Src/stm32l4xx_hal_msp.c **** 
 115:Src/stm32l4xx_hal_msp.c ****   /* USER CODE END ADC1_MspDeInit 0 */
 116:Src/stm32l4xx_hal_msp.c ****     /* Peripheral clock disable */
 117:Src/stm32l4xx_hal_msp.c ****     __HAL_RCC_ADC_CLK_DISABLE();
 118:Src/stm32l4xx_hal_msp.c ****   /* USER CODE BEGIN ADC1_MspDeInit 1 */
 119:Src/stm32l4xx_hal_msp.c **** 
 120:Src/stm32l4xx_hal_msp.c ****   /* USER CODE END ADC1_MspDeInit 1 */
 121:Src/stm32l4xx_hal_msp.c ****   }
 122:Src/stm32l4xx_hal_msp.c **** 
 123:Src/stm32l4xx_hal_msp.c **** }
 164              		.loc 1 123 1 view .LVU30
 165 0008 7047     		bx	lr
 166              	.L16:
ARM GAS  /tmp/ccvrOxS5.s 			page 6


 117:Src/stm32l4xx_hal_msp.c ****   /* USER CODE BEGIN ADC1_MspDeInit 1 */
 167              		.loc 1 117 5 is_stmt 1 view .LVU31
 168 000a 044A     		ldr	r2, .L17+4
 169 000c D36C     		ldr	r3, [r2, #76]
 170 000e 23F40053 		bic	r3, r3, #8192
 171 0012 D364     		str	r3, [r2, #76]
 172              		.loc 1 123 1 is_stmt 0 view .LVU32
 173 0014 F8E7     		b	.L14
 174              	.L18:
 175 0016 00BF     		.align	2
 176              	.L17:
 177 0018 00000450 		.word	1342439424
 178 001c 00100240 		.word	1073876992
 179              		.cfi_endproc
 180              	.LFE286:
 182              		.section	.text.HAL_RTC_MspInit,"ax",%progbits
 183              		.align	1
 184              		.global	HAL_RTC_MspInit
 185              		.syntax unified
 186              		.thumb
 187              		.thumb_func
 188              		.fpu fpv4-sp-d16
 190              	HAL_RTC_MspInit:
 191              	.LVL2:
 192              	.LFB287:
 124:Src/stm32l4xx_hal_msp.c **** 
 125:Src/stm32l4xx_hal_msp.c **** /**
 126:Src/stm32l4xx_hal_msp.c **** * @brief RTC MSP Initialization
 127:Src/stm32l4xx_hal_msp.c **** * This function configures the hardware resources used in this example
 128:Src/stm32l4xx_hal_msp.c **** * @param hrtc: RTC handle pointer
 129:Src/stm32l4xx_hal_msp.c **** * @retval None
 130:Src/stm32l4xx_hal_msp.c **** */
 131:Src/stm32l4xx_hal_msp.c **** void HAL_RTC_MspInit(RTC_HandleTypeDef* hrtc)
 132:Src/stm32l4xx_hal_msp.c **** {
 193              		.loc 1 132 1 is_stmt 1 view -0
 194              		.cfi_startproc
 195              		@ args = 0, pretend = 0, frame = 0
 196              		@ frame_needed = 0, uses_anonymous_args = 0
 197              		.loc 1 132 1 is_stmt 0 view .LVU34
 198 0000 08B5     		push	{r3, lr}
 199              	.LCFI4:
 200              		.cfi_def_cfa_offset 8
 201              		.cfi_offset 3, -8
 202              		.cfi_offset 14, -4
 133:Src/stm32l4xx_hal_msp.c ****   if(hrtc->Instance==RTC)
 203              		.loc 1 133 3 is_stmt 1 view .LVU35
 204              		.loc 1 133 10 is_stmt 0 view .LVU36
 205 0002 0268     		ldr	r2, [r0]
 206              		.loc 1 133 5 view .LVU37
 207 0004 094B     		ldr	r3, .L23
 208 0006 9A42     		cmp	r2, r3
 209 0008 00D0     		beq	.L22
 210              	.LVL3:
 211              	.L19:
 134:Src/stm32l4xx_hal_msp.c ****   {
 135:Src/stm32l4xx_hal_msp.c ****   /* USER CODE BEGIN RTC_MspInit 0 */
 136:Src/stm32l4xx_hal_msp.c **** 
ARM GAS  /tmp/ccvrOxS5.s 			page 7


 137:Src/stm32l4xx_hal_msp.c ****   /* USER CODE END RTC_MspInit 0 */
 138:Src/stm32l4xx_hal_msp.c ****     /* Peripheral clock enable */
 139:Src/stm32l4xx_hal_msp.c ****     __HAL_RCC_RTC_ENABLE();
 140:Src/stm32l4xx_hal_msp.c ****     /* RTC interrupt Init */
 141:Src/stm32l4xx_hal_msp.c ****     HAL_NVIC_SetPriority(RTC_Alarm_IRQn, 0, 0);
 142:Src/stm32l4xx_hal_msp.c ****     HAL_NVIC_EnableIRQ(RTC_Alarm_IRQn);
 143:Src/stm32l4xx_hal_msp.c ****   /* USER CODE BEGIN RTC_MspInit 1 */
 144:Src/stm32l4xx_hal_msp.c **** 
 145:Src/stm32l4xx_hal_msp.c ****   /* USER CODE END RTC_MspInit 1 */
 146:Src/stm32l4xx_hal_msp.c ****   }
 147:Src/stm32l4xx_hal_msp.c **** 
 148:Src/stm32l4xx_hal_msp.c **** }
 212              		.loc 1 148 1 view .LVU38
 213 000a 08BD     		pop	{r3, pc}
 214              	.LVL4:
 215              	.L22:
 139:Src/stm32l4xx_hal_msp.c ****     /* RTC interrupt Init */
 216              		.loc 1 139 5 is_stmt 1 view .LVU39
 217 000c 084A     		ldr	r2, .L23+4
 218 000e D2F89030 		ldr	r3, [r2, #144]
 219 0012 43F40043 		orr	r3, r3, #32768
 220 0016 C2F89030 		str	r3, [r2, #144]
 141:Src/stm32l4xx_hal_msp.c ****     HAL_NVIC_EnableIRQ(RTC_Alarm_IRQn);
 221              		.loc 1 141 5 view .LVU40
 222 001a 0022     		movs	r2, #0
 223 001c 1146     		mov	r1, r2
 224 001e 2920     		movs	r0, #41
 225              	.LVL5:
 141:Src/stm32l4xx_hal_msp.c ****     HAL_NVIC_EnableIRQ(RTC_Alarm_IRQn);
 226              		.loc 1 141 5 is_stmt 0 view .LVU41
 227 0020 FFF7FEFF 		bl	HAL_NVIC_SetPriority
 228              	.LVL6:
 142:Src/stm32l4xx_hal_msp.c ****   /* USER CODE BEGIN RTC_MspInit 1 */
 229              		.loc 1 142 5 is_stmt 1 view .LVU42
 230 0024 2920     		movs	r0, #41
 231 0026 FFF7FEFF 		bl	HAL_NVIC_EnableIRQ
 232              	.LVL7:
 233              		.loc 1 148 1 is_stmt 0 view .LVU43
 234 002a EEE7     		b	.L19
 235              	.L24:
 236              		.align	2
 237              	.L23:
 238 002c 00280040 		.word	1073752064
 239 0030 00100240 		.word	1073876992
 240              		.cfi_endproc
 241              	.LFE287:
 243              		.section	.text.HAL_RTC_MspDeInit,"ax",%progbits
 244              		.align	1
 245              		.global	HAL_RTC_MspDeInit
 246              		.syntax unified
 247              		.thumb
 248              		.thumb_func
 249              		.fpu fpv4-sp-d16
 251              	HAL_RTC_MspDeInit:
 252              	.LVL8:
 253              	.LFB288:
 149:Src/stm32l4xx_hal_msp.c **** 
ARM GAS  /tmp/ccvrOxS5.s 			page 8


 150:Src/stm32l4xx_hal_msp.c **** /**
 151:Src/stm32l4xx_hal_msp.c **** * @brief RTC MSP De-Initialization
 152:Src/stm32l4xx_hal_msp.c **** * This function freeze the hardware resources used in this example
 153:Src/stm32l4xx_hal_msp.c **** * @param hrtc: RTC handle pointer
 154:Src/stm32l4xx_hal_msp.c **** * @retval None
 155:Src/stm32l4xx_hal_msp.c **** */
 156:Src/stm32l4xx_hal_msp.c **** void HAL_RTC_MspDeInit(RTC_HandleTypeDef* hrtc)
 157:Src/stm32l4xx_hal_msp.c **** {
 254              		.loc 1 157 1 is_stmt 1 view -0
 255              		.cfi_startproc
 256              		@ args = 0, pretend = 0, frame = 0
 257              		@ frame_needed = 0, uses_anonymous_args = 0
 258              		.loc 1 157 1 is_stmt 0 view .LVU45
 259 0000 08B5     		push	{r3, lr}
 260              	.LCFI5:
 261              		.cfi_def_cfa_offset 8
 262              		.cfi_offset 3, -8
 263              		.cfi_offset 14, -4
 158:Src/stm32l4xx_hal_msp.c ****   if(hrtc->Instance==RTC)
 264              		.loc 1 158 3 is_stmt 1 view .LVU46
 265              		.loc 1 158 10 is_stmt 0 view .LVU47
 266 0002 0268     		ldr	r2, [r0]
 267              		.loc 1 158 5 view .LVU48
 268 0004 074B     		ldr	r3, .L29
 269 0006 9A42     		cmp	r2, r3
 270 0008 00D0     		beq	.L28
 271              	.LVL9:
 272              	.L25:
 159:Src/stm32l4xx_hal_msp.c ****   {
 160:Src/stm32l4xx_hal_msp.c ****   /* USER CODE BEGIN RTC_MspDeInit 0 */
 161:Src/stm32l4xx_hal_msp.c **** 
 162:Src/stm32l4xx_hal_msp.c ****   /* USER CODE END RTC_MspDeInit 0 */
 163:Src/stm32l4xx_hal_msp.c ****     /* Peripheral clock disable */
 164:Src/stm32l4xx_hal_msp.c ****     __HAL_RCC_RTC_DISABLE();
 165:Src/stm32l4xx_hal_msp.c **** 
 166:Src/stm32l4xx_hal_msp.c ****     /* RTC interrupt DeInit */
 167:Src/stm32l4xx_hal_msp.c ****     HAL_NVIC_DisableIRQ(RTC_Alarm_IRQn);
 168:Src/stm32l4xx_hal_msp.c ****   /* USER CODE BEGIN RTC_MspDeInit 1 */
 169:Src/stm32l4xx_hal_msp.c **** 
 170:Src/stm32l4xx_hal_msp.c ****   /* USER CODE END RTC_MspDeInit 1 */
 171:Src/stm32l4xx_hal_msp.c ****   }
 172:Src/stm32l4xx_hal_msp.c **** 
 173:Src/stm32l4xx_hal_msp.c **** }
 273              		.loc 1 173 1 view .LVU49
 274 000a 08BD     		pop	{r3, pc}
 275              	.LVL10:
 276              	.L28:
 164:Src/stm32l4xx_hal_msp.c **** 
 277              		.loc 1 164 5 is_stmt 1 view .LVU50
 278 000c 064A     		ldr	r2, .L29+4
 279 000e D2F89030 		ldr	r3, [r2, #144]
 280 0012 23F40043 		bic	r3, r3, #32768
 281 0016 C2F89030 		str	r3, [r2, #144]
 167:Src/stm32l4xx_hal_msp.c ****   /* USER CODE BEGIN RTC_MspDeInit 1 */
 282              		.loc 1 167 5 view .LVU51
 283 001a 2920     		movs	r0, #41
 284              	.LVL11:
ARM GAS  /tmp/ccvrOxS5.s 			page 9


 167:Src/stm32l4xx_hal_msp.c ****   /* USER CODE BEGIN RTC_MspDeInit 1 */
 285              		.loc 1 167 5 is_stmt 0 view .LVU52
 286 001c FFF7FEFF 		bl	HAL_NVIC_DisableIRQ
 287              	.LVL12:
 288              		.loc 1 173 1 view .LVU53
 289 0020 F3E7     		b	.L25
 290              	.L30:
 291 0022 00BF     		.align	2
 292              	.L29:
 293 0024 00280040 		.word	1073752064
 294 0028 00100240 		.word	1073876992
 295              		.cfi_endproc
 296              	.LFE288:
 298              		.section	.text.HAL_TIM_IC_MspInit,"ax",%progbits
 299              		.align	1
 300              		.global	HAL_TIM_IC_MspInit
 301              		.syntax unified
 302              		.thumb
 303              		.thumb_func
 304              		.fpu fpv4-sp-d16
 306              	HAL_TIM_IC_MspInit:
 307              	.LVL13:
 308              	.LFB289:
 174:Src/stm32l4xx_hal_msp.c **** 
 175:Src/stm32l4xx_hal_msp.c **** /**
 176:Src/stm32l4xx_hal_msp.c **** * @brief TIM_IC MSP Initialization
 177:Src/stm32l4xx_hal_msp.c **** * This function configures the hardware resources used in this example
 178:Src/stm32l4xx_hal_msp.c **** * @param htim_ic: TIM_IC handle pointer
 179:Src/stm32l4xx_hal_msp.c **** * @retval None
 180:Src/stm32l4xx_hal_msp.c **** */
 181:Src/stm32l4xx_hal_msp.c **** void HAL_TIM_IC_MspInit(TIM_HandleTypeDef* htim_ic)
 182:Src/stm32l4xx_hal_msp.c **** {
 309              		.loc 1 182 1 is_stmt 1 view -0
 310              		.cfi_startproc
 311              		@ args = 0, pretend = 0, frame = 32
 312              		@ frame_needed = 0, uses_anonymous_args = 0
 313              		.loc 1 182 1 is_stmt 0 view .LVU55
 314 0000 30B5     		push	{r4, r5, lr}
 315              	.LCFI6:
 316              		.cfi_def_cfa_offset 12
 317              		.cfi_offset 4, -12
 318              		.cfi_offset 5, -8
 319              		.cfi_offset 14, -4
 320 0002 89B0     		sub	sp, sp, #36
 321              	.LCFI7:
 322              		.cfi_def_cfa_offset 48
 183:Src/stm32l4xx_hal_msp.c ****   GPIO_InitTypeDef GPIO_InitStruct = {0};
 323              		.loc 1 183 3 is_stmt 1 view .LVU56
 324              		.loc 1 183 20 is_stmt 0 view .LVU57
 325 0004 0023     		movs	r3, #0
 326 0006 0393     		str	r3, [sp, #12]
 327 0008 0493     		str	r3, [sp, #16]
 328 000a 0593     		str	r3, [sp, #20]
 329 000c 0693     		str	r3, [sp, #24]
 330 000e 0793     		str	r3, [sp, #28]
 184:Src/stm32l4xx_hal_msp.c ****   if(htim_ic->Instance==TIM2)
 331              		.loc 1 184 3 is_stmt 1 view .LVU58
ARM GAS  /tmp/ccvrOxS5.s 			page 10


 332              		.loc 1 184 13 is_stmt 0 view .LVU59
 333 0010 0368     		ldr	r3, [r0]
 334              		.loc 1 184 5 view .LVU60
 335 0012 B3F1804F 		cmp	r3, #1073741824
 336 0016 01D0     		beq	.L35
 337              	.LVL14:
 338              	.L31:
 185:Src/stm32l4xx_hal_msp.c ****   {
 186:Src/stm32l4xx_hal_msp.c ****   /* USER CODE BEGIN TIM2_MspInit 0 */
 187:Src/stm32l4xx_hal_msp.c **** 
 188:Src/stm32l4xx_hal_msp.c ****   /* USER CODE END TIM2_MspInit 0 */
 189:Src/stm32l4xx_hal_msp.c ****     /* Peripheral clock enable */
 190:Src/stm32l4xx_hal_msp.c ****     __HAL_RCC_TIM2_CLK_ENABLE();
 191:Src/stm32l4xx_hal_msp.c ****   
 192:Src/stm32l4xx_hal_msp.c ****     __HAL_RCC_GPIOA_CLK_ENABLE();
 193:Src/stm32l4xx_hal_msp.c ****     /**TIM2 GPIO Configuration    
 194:Src/stm32l4xx_hal_msp.c ****     PA5     ------> TIM2_CH1 
 195:Src/stm32l4xx_hal_msp.c ****     */
 196:Src/stm32l4xx_hal_msp.c ****     GPIO_InitStruct.Pin = GPIO_PIN_5;
 197:Src/stm32l4xx_hal_msp.c ****     GPIO_InitStruct.Mode = GPIO_MODE_AF_PP;
 198:Src/stm32l4xx_hal_msp.c ****     GPIO_InitStruct.Pull = GPIO_NOPULL;
 199:Src/stm32l4xx_hal_msp.c ****     GPIO_InitStruct.Speed = GPIO_SPEED_FREQ_LOW;
 200:Src/stm32l4xx_hal_msp.c ****     GPIO_InitStruct.Alternate = GPIO_AF1_TIM2;
 201:Src/stm32l4xx_hal_msp.c ****     HAL_GPIO_Init(GPIOA, &GPIO_InitStruct);
 202:Src/stm32l4xx_hal_msp.c **** 
 203:Src/stm32l4xx_hal_msp.c ****     /* TIM2 DMA Init */
 204:Src/stm32l4xx_hal_msp.c ****     /* TIM2_CH1 Init */
 205:Src/stm32l4xx_hal_msp.c ****     hdma_tim2_ch1.Instance = DMA1_Channel5;
 206:Src/stm32l4xx_hal_msp.c ****     hdma_tim2_ch1.Init.Request = DMA_REQUEST_4;
 207:Src/stm32l4xx_hal_msp.c ****     hdma_tim2_ch1.Init.Direction = DMA_PERIPH_TO_MEMORY;
 208:Src/stm32l4xx_hal_msp.c ****     hdma_tim2_ch1.Init.PeriphInc = DMA_PINC_DISABLE;
 209:Src/stm32l4xx_hal_msp.c ****     hdma_tim2_ch1.Init.MemInc = DMA_MINC_ENABLE;
 210:Src/stm32l4xx_hal_msp.c ****     hdma_tim2_ch1.Init.PeriphDataAlignment = DMA_PDATAALIGN_WORD;
 211:Src/stm32l4xx_hal_msp.c ****     hdma_tim2_ch1.Init.MemDataAlignment = DMA_MDATAALIGN_WORD;
 212:Src/stm32l4xx_hal_msp.c ****     hdma_tim2_ch1.Init.Mode = DMA_NORMAL;
 213:Src/stm32l4xx_hal_msp.c ****     hdma_tim2_ch1.Init.Priority = DMA_PRIORITY_LOW;
 214:Src/stm32l4xx_hal_msp.c ****     if (HAL_DMA_Init(&hdma_tim2_ch1) != HAL_OK)
 215:Src/stm32l4xx_hal_msp.c ****     {
 216:Src/stm32l4xx_hal_msp.c ****       Error_Handler();
 217:Src/stm32l4xx_hal_msp.c ****     }
 218:Src/stm32l4xx_hal_msp.c **** 
 219:Src/stm32l4xx_hal_msp.c ****     __HAL_LINKDMA(htim_ic,hdma[TIM_DMA_ID_CC1],hdma_tim2_ch1);
 220:Src/stm32l4xx_hal_msp.c **** 
 221:Src/stm32l4xx_hal_msp.c ****   /* USER CODE BEGIN TIM2_MspInit 1 */
 222:Src/stm32l4xx_hal_msp.c **** 
 223:Src/stm32l4xx_hal_msp.c ****   /* USER CODE END TIM2_MspInit 1 */
 224:Src/stm32l4xx_hal_msp.c ****   }
 225:Src/stm32l4xx_hal_msp.c **** 
 226:Src/stm32l4xx_hal_msp.c **** }
 339              		.loc 1 226 1 view .LVU61
 340 0018 09B0     		add	sp, sp, #36
 341              	.LCFI8:
 342              		.cfi_remember_state
 343              		.cfi_def_cfa_offset 12
 344              		@ sp needed
 345 001a 30BD     		pop	{r4, r5, pc}
 346              	.LVL15:
ARM GAS  /tmp/ccvrOxS5.s 			page 11


 347              	.L35:
 348              	.LCFI9:
 349              		.cfi_restore_state
 350              		.loc 1 226 1 view .LVU62
 351 001c 0446     		mov	r4, r0
 190:Src/stm32l4xx_hal_msp.c ****   
 352              		.loc 1 190 5 is_stmt 1 view .LVU63
 353              	.LBB5:
 190:Src/stm32l4xx_hal_msp.c ****   
 354              		.loc 1 190 5 view .LVU64
 190:Src/stm32l4xx_hal_msp.c ****   
 355              		.loc 1 190 5 view .LVU65
 356 001e 03F50433 		add	r3, r3, #135168
 357 0022 9A6D     		ldr	r2, [r3, #88]
 358 0024 42F00102 		orr	r2, r2, #1
 359 0028 9A65     		str	r2, [r3, #88]
 190:Src/stm32l4xx_hal_msp.c ****   
 360              		.loc 1 190 5 view .LVU66
 361 002a 9A6D     		ldr	r2, [r3, #88]
 362 002c 02F00102 		and	r2, r2, #1
 363 0030 0192     		str	r2, [sp, #4]
 190:Src/stm32l4xx_hal_msp.c ****   
 364              		.loc 1 190 5 view .LVU67
 365 0032 019A     		ldr	r2, [sp, #4]
 366              	.LBE5:
 190:Src/stm32l4xx_hal_msp.c ****   
 367              		.loc 1 190 5 view .LVU68
 192:Src/stm32l4xx_hal_msp.c ****     /**TIM2 GPIO Configuration    
 368              		.loc 1 192 5 view .LVU69
 369              	.LBB6:
 192:Src/stm32l4xx_hal_msp.c ****     /**TIM2 GPIO Configuration    
 370              		.loc 1 192 5 view .LVU70
 192:Src/stm32l4xx_hal_msp.c ****     /**TIM2 GPIO Configuration    
 371              		.loc 1 192 5 view .LVU71
 372 0034 DA6C     		ldr	r2, [r3, #76]
 373 0036 42F00102 		orr	r2, r2, #1
 374 003a DA64     		str	r2, [r3, #76]
 192:Src/stm32l4xx_hal_msp.c ****     /**TIM2 GPIO Configuration    
 375              		.loc 1 192 5 view .LVU72
 376 003c DB6C     		ldr	r3, [r3, #76]
 377 003e 03F00103 		and	r3, r3, #1
 378 0042 0293     		str	r3, [sp, #8]
 192:Src/stm32l4xx_hal_msp.c ****     /**TIM2 GPIO Configuration    
 379              		.loc 1 192 5 view .LVU73
 380 0044 029B     		ldr	r3, [sp, #8]
 381              	.LBE6:
 192:Src/stm32l4xx_hal_msp.c ****     /**TIM2 GPIO Configuration    
 382              		.loc 1 192 5 view .LVU74
 196:Src/stm32l4xx_hal_msp.c ****     GPIO_InitStruct.Mode = GPIO_MODE_AF_PP;
 383              		.loc 1 196 5 view .LVU75
 196:Src/stm32l4xx_hal_msp.c ****     GPIO_InitStruct.Mode = GPIO_MODE_AF_PP;
 384              		.loc 1 196 25 is_stmt 0 view .LVU76
 385 0046 2023     		movs	r3, #32
 386 0048 0393     		str	r3, [sp, #12]
 197:Src/stm32l4xx_hal_msp.c ****     GPIO_InitStruct.Pull = GPIO_NOPULL;
 387              		.loc 1 197 5 is_stmt 1 view .LVU77
 197:Src/stm32l4xx_hal_msp.c ****     GPIO_InitStruct.Pull = GPIO_NOPULL;
ARM GAS  /tmp/ccvrOxS5.s 			page 12


 388              		.loc 1 197 26 is_stmt 0 view .LVU78
 389 004a 0223     		movs	r3, #2
 390 004c 0493     		str	r3, [sp, #16]
 198:Src/stm32l4xx_hal_msp.c ****     GPIO_InitStruct.Speed = GPIO_SPEED_FREQ_LOW;
 391              		.loc 1 198 5 is_stmt 1 view .LVU79
 198:Src/stm32l4xx_hal_msp.c ****     GPIO_InitStruct.Speed = GPIO_SPEED_FREQ_LOW;
 392              		.loc 1 198 26 is_stmt 0 view .LVU80
 393 004e 0025     		movs	r5, #0
 394 0050 0595     		str	r5, [sp, #20]
 199:Src/stm32l4xx_hal_msp.c ****     GPIO_InitStruct.Alternate = GPIO_AF1_TIM2;
 395              		.loc 1 199 5 is_stmt 1 view .LVU81
 199:Src/stm32l4xx_hal_msp.c ****     GPIO_InitStruct.Alternate = GPIO_AF1_TIM2;
 396              		.loc 1 199 27 is_stmt 0 view .LVU82
 397 0052 0695     		str	r5, [sp, #24]
 200:Src/stm32l4xx_hal_msp.c ****     HAL_GPIO_Init(GPIOA, &GPIO_InitStruct);
 398              		.loc 1 200 5 is_stmt 1 view .LVU83
 200:Src/stm32l4xx_hal_msp.c ****     HAL_GPIO_Init(GPIOA, &GPIO_InitStruct);
 399              		.loc 1 200 31 is_stmt 0 view .LVU84
 400 0054 0123     		movs	r3, #1
 401 0056 0793     		str	r3, [sp, #28]
 201:Src/stm32l4xx_hal_msp.c **** 
 402              		.loc 1 201 5 is_stmt 1 view .LVU85
 403 0058 03A9     		add	r1, sp, #12
 404 005a 4FF09040 		mov	r0, #1207959552
 405              	.LVL16:
 201:Src/stm32l4xx_hal_msp.c **** 
 406              		.loc 1 201 5 is_stmt 0 view .LVU86
 407 005e FFF7FEFF 		bl	HAL_GPIO_Init
 408              	.LVL17:
 205:Src/stm32l4xx_hal_msp.c ****     hdma_tim2_ch1.Init.Request = DMA_REQUEST_4;
 409              		.loc 1 205 5 is_stmt 1 view .LVU87
 205:Src/stm32l4xx_hal_msp.c ****     hdma_tim2_ch1.Init.Request = DMA_REQUEST_4;
 410              		.loc 1 205 28 is_stmt 0 view .LVU88
 411 0062 0D48     		ldr	r0, .L37
 412 0064 0D4B     		ldr	r3, .L37+4
 413 0066 0360     		str	r3, [r0]
 206:Src/stm32l4xx_hal_msp.c ****     hdma_tim2_ch1.Init.Direction = DMA_PERIPH_TO_MEMORY;
 414              		.loc 1 206 5 is_stmt 1 view .LVU89
 206:Src/stm32l4xx_hal_msp.c ****     hdma_tim2_ch1.Init.Direction = DMA_PERIPH_TO_MEMORY;
 415              		.loc 1 206 32 is_stmt 0 view .LVU90
 416 0068 0423     		movs	r3, #4
 417 006a 4360     		str	r3, [r0, #4]
 207:Src/stm32l4xx_hal_msp.c ****     hdma_tim2_ch1.Init.PeriphInc = DMA_PINC_DISABLE;
 418              		.loc 1 207 5 is_stmt 1 view .LVU91
 207:Src/stm32l4xx_hal_msp.c ****     hdma_tim2_ch1.Init.PeriphInc = DMA_PINC_DISABLE;
 419              		.loc 1 207 34 is_stmt 0 view .LVU92
 420 006c 8560     		str	r5, [r0, #8]
 208:Src/stm32l4xx_hal_msp.c ****     hdma_tim2_ch1.Init.MemInc = DMA_MINC_ENABLE;
 421              		.loc 1 208 5 is_stmt 1 view .LVU93
 208:Src/stm32l4xx_hal_msp.c ****     hdma_tim2_ch1.Init.MemInc = DMA_MINC_ENABLE;
 422              		.loc 1 208 34 is_stmt 0 view .LVU94
 423 006e C560     		str	r5, [r0, #12]
 209:Src/stm32l4xx_hal_msp.c ****     hdma_tim2_ch1.Init.PeriphDataAlignment = DMA_PDATAALIGN_WORD;
 424              		.loc 1 209 5 is_stmt 1 view .LVU95
 209:Src/stm32l4xx_hal_msp.c ****     hdma_tim2_ch1.Init.PeriphDataAlignment = DMA_PDATAALIGN_WORD;
 425              		.loc 1 209 31 is_stmt 0 view .LVU96
 426 0070 8023     		movs	r3, #128
ARM GAS  /tmp/ccvrOxS5.s 			page 13


 427 0072 0361     		str	r3, [r0, #16]
 210:Src/stm32l4xx_hal_msp.c ****     hdma_tim2_ch1.Init.MemDataAlignment = DMA_MDATAALIGN_WORD;
 428              		.loc 1 210 5 is_stmt 1 view .LVU97
 210:Src/stm32l4xx_hal_msp.c ****     hdma_tim2_ch1.Init.MemDataAlignment = DMA_MDATAALIGN_WORD;
 429              		.loc 1 210 44 is_stmt 0 view .LVU98
 430 0074 4FF40073 		mov	r3, #512
 431 0078 4361     		str	r3, [r0, #20]
 211:Src/stm32l4xx_hal_msp.c ****     hdma_tim2_ch1.Init.Mode = DMA_NORMAL;
 432              		.loc 1 211 5 is_stmt 1 view .LVU99
 211:Src/stm32l4xx_hal_msp.c ****     hdma_tim2_ch1.Init.Mode = DMA_NORMAL;
 433              		.loc 1 211 41 is_stmt 0 view .LVU100
 434 007a 4FF40063 		mov	r3, #2048
 435 007e 8361     		str	r3, [r0, #24]
 212:Src/stm32l4xx_hal_msp.c ****     hdma_tim2_ch1.Init.Priority = DMA_PRIORITY_LOW;
 436              		.loc 1 212 5 is_stmt 1 view .LVU101
 212:Src/stm32l4xx_hal_msp.c ****     hdma_tim2_ch1.Init.Priority = DMA_PRIORITY_LOW;
 437              		.loc 1 212 29 is_stmt 0 view .LVU102
 438 0080 C561     		str	r5, [r0, #28]
 213:Src/stm32l4xx_hal_msp.c ****     if (HAL_DMA_Init(&hdma_tim2_ch1) != HAL_OK)
 439              		.loc 1 213 5 is_stmt 1 view .LVU103
 213:Src/stm32l4xx_hal_msp.c ****     if (HAL_DMA_Init(&hdma_tim2_ch1) != HAL_OK)
 440              		.loc 1 213 33 is_stmt 0 view .LVU104
 441 0082 0562     		str	r5, [r0, #32]
 214:Src/stm32l4xx_hal_msp.c ****     {
 442              		.loc 1 214 5 is_stmt 1 view .LVU105
 214:Src/stm32l4xx_hal_msp.c ****     {
 443              		.loc 1 214 9 is_stmt 0 view .LVU106
 444 0084 FFF7FEFF 		bl	HAL_DMA_Init
 445              	.LVL18:
 214:Src/stm32l4xx_hal_msp.c ****     {
 446              		.loc 1 214 8 view .LVU107
 447 0088 18B9     		cbnz	r0, .L36
 448              	.L33:
 219:Src/stm32l4xx_hal_msp.c **** 
 449              		.loc 1 219 5 is_stmt 1 view .LVU108
 219:Src/stm32l4xx_hal_msp.c **** 
 450              		.loc 1 219 5 view .LVU109
 451 008a 034B     		ldr	r3, .L37
 452 008c 6362     		str	r3, [r4, #36]
 219:Src/stm32l4xx_hal_msp.c **** 
 453              		.loc 1 219 5 view .LVU110
 454 008e 9C62     		str	r4, [r3, #40]
 219:Src/stm32l4xx_hal_msp.c **** 
 455              		.loc 1 219 5 view .LVU111
 456              		.loc 1 226 1 is_stmt 0 view .LVU112
 457 0090 C2E7     		b	.L31
 458              	.L36:
 216:Src/stm32l4xx_hal_msp.c ****     }
 459              		.loc 1 216 7 is_stmt 1 view .LVU113
 460 0092 FFF7FEFF 		bl	Error_Handler
 461              	.LVL19:
 462 0096 F8E7     		b	.L33
 463              	.L38:
 464              		.align	2
 465              	.L37:
 466 0098 00000000 		.word	hdma_tim2_ch1
 467 009c 58000240 		.word	1073872984
ARM GAS  /tmp/ccvrOxS5.s 			page 14


 468              		.cfi_endproc
 469              	.LFE289:
 471              		.section	.text.HAL_TIM_IC_MspDeInit,"ax",%progbits
 472              		.align	1
 473              		.global	HAL_TIM_IC_MspDeInit
 474              		.syntax unified
 475              		.thumb
 476              		.thumb_func
 477              		.fpu fpv4-sp-d16
 479              	HAL_TIM_IC_MspDeInit:
 480              	.LVL20:
 481              	.LFB290:
 227:Src/stm32l4xx_hal_msp.c **** 
 228:Src/stm32l4xx_hal_msp.c **** /**
 229:Src/stm32l4xx_hal_msp.c **** * @brief TIM_IC MSP De-Initialization
 230:Src/stm32l4xx_hal_msp.c **** * This function freeze the hardware resources used in this example
 231:Src/stm32l4xx_hal_msp.c **** * @param htim_ic: TIM_IC handle pointer
 232:Src/stm32l4xx_hal_msp.c **** * @retval None
 233:Src/stm32l4xx_hal_msp.c **** */
 234:Src/stm32l4xx_hal_msp.c **** void HAL_TIM_IC_MspDeInit(TIM_HandleTypeDef* htim_ic)
 235:Src/stm32l4xx_hal_msp.c **** {
 482              		.loc 1 235 1 view -0
 483              		.cfi_startproc
 484              		@ args = 0, pretend = 0, frame = 0
 485              		@ frame_needed = 0, uses_anonymous_args = 0
 236:Src/stm32l4xx_hal_msp.c ****   if(htim_ic->Instance==TIM2)
 486              		.loc 1 236 3 view .LVU115
 487              		.loc 1 236 13 is_stmt 0 view .LVU116
 488 0000 0368     		ldr	r3, [r0]
 489              		.loc 1 236 5 view .LVU117
 490 0002 B3F1804F 		cmp	r3, #1073741824
 491 0006 00D0     		beq	.L45
 492 0008 7047     		bx	lr
 493              	.L45:
 235:Src/stm32l4xx_hal_msp.c ****   if(htim_ic->Instance==TIM2)
 494              		.loc 1 235 1 view .LVU118
 495 000a 10B5     		push	{r4, lr}
 496              	.LCFI10:
 497              		.cfi_def_cfa_offset 8
 498              		.cfi_offset 4, -8
 499              		.cfi_offset 14, -4
 500 000c 0446     		mov	r4, r0
 237:Src/stm32l4xx_hal_msp.c ****   {
 238:Src/stm32l4xx_hal_msp.c ****   /* USER CODE BEGIN TIM2_MspDeInit 0 */
 239:Src/stm32l4xx_hal_msp.c **** 
 240:Src/stm32l4xx_hal_msp.c ****   /* USER CODE END TIM2_MspDeInit 0 */
 241:Src/stm32l4xx_hal_msp.c ****     /* Peripheral clock disable */
 242:Src/stm32l4xx_hal_msp.c ****     __HAL_RCC_TIM2_CLK_DISABLE();
 501              		.loc 1 242 5 is_stmt 1 view .LVU119
 502 000e 074A     		ldr	r2, .L46
 503 0010 936D     		ldr	r3, [r2, #88]
 504 0012 23F00103 		bic	r3, r3, #1
 505 0016 9365     		str	r3, [r2, #88]
 243:Src/stm32l4xx_hal_msp.c ****   
 244:Src/stm32l4xx_hal_msp.c ****     /**TIM2 GPIO Configuration    
 245:Src/stm32l4xx_hal_msp.c ****     PA5     ------> TIM2_CH1 
 246:Src/stm32l4xx_hal_msp.c ****     */
ARM GAS  /tmp/ccvrOxS5.s 			page 15


 247:Src/stm32l4xx_hal_msp.c ****     HAL_GPIO_DeInit(GPIOA, GPIO_PIN_5);
 506              		.loc 1 247 5 view .LVU120
 507 0018 2021     		movs	r1, #32
 508 001a 4FF09040 		mov	r0, #1207959552
 509              	.LVL21:
 510              		.loc 1 247 5 is_stmt 0 view .LVU121
 511 001e FFF7FEFF 		bl	HAL_GPIO_DeInit
 512              	.LVL22:
 248:Src/stm32l4xx_hal_msp.c **** 
 249:Src/stm32l4xx_hal_msp.c ****     /* TIM2 DMA DeInit */
 250:Src/stm32l4xx_hal_msp.c ****     HAL_DMA_DeInit(htim_ic->hdma[TIM_DMA_ID_CC1]);
 513              		.loc 1 250 5 is_stmt 1 view .LVU122
 514 0022 606A     		ldr	r0, [r4, #36]
 515 0024 FFF7FEFF 		bl	HAL_DMA_DeInit
 516              	.LVL23:
 251:Src/stm32l4xx_hal_msp.c ****   /* USER CODE BEGIN TIM2_MspDeInit 1 */
 252:Src/stm32l4xx_hal_msp.c **** 
 253:Src/stm32l4xx_hal_msp.c ****   /* USER CODE END TIM2_MspDeInit 1 */
 254:Src/stm32l4xx_hal_msp.c ****   }
 255:Src/stm32l4xx_hal_msp.c **** 
 256:Src/stm32l4xx_hal_msp.c **** }
 517              		.loc 1 256 1 is_stmt 0 view .LVU123
 518 0028 10BD     		pop	{r4, pc}
 519              	.LVL24:
 520              	.L47:
 521              		.loc 1 256 1 view .LVU124
 522 002a 00BF     		.align	2
 523              	.L46:
 524 002c 00100240 		.word	1073876992
 525              		.cfi_endproc
 526              	.LFE290:
 528              		.section	.text.HAL_UART_MspInit,"ax",%progbits
 529              		.align	1
 530              		.global	HAL_UART_MspInit
 531              		.syntax unified
 532              		.thumb
 533              		.thumb_func
 534              		.fpu fpv4-sp-d16
 536              	HAL_UART_MspInit:
 537              	.LVL25:
 538              	.LFB291:
 257:Src/stm32l4xx_hal_msp.c **** 
 258:Src/stm32l4xx_hal_msp.c **** /**
 259:Src/stm32l4xx_hal_msp.c **** * @brief UART MSP Initialization
 260:Src/stm32l4xx_hal_msp.c **** * This function configures the hardware resources used in this example
 261:Src/stm32l4xx_hal_msp.c **** * @param huart: UART handle pointer
 262:Src/stm32l4xx_hal_msp.c **** * @retval None
 263:Src/stm32l4xx_hal_msp.c **** */
 264:Src/stm32l4xx_hal_msp.c **** void HAL_UART_MspInit(UART_HandleTypeDef* huart)
 265:Src/stm32l4xx_hal_msp.c **** {
 539              		.loc 1 265 1 is_stmt 1 view -0
 540              		.cfi_startproc
 541              		@ args = 0, pretend = 0, frame = 32
 542              		@ frame_needed = 0, uses_anonymous_args = 0
 543              		.loc 1 265 1 is_stmt 0 view .LVU126
 544 0000 70B5     		push	{r4, r5, r6, lr}
 545              	.LCFI11:
ARM GAS  /tmp/ccvrOxS5.s 			page 16


 546              		.cfi_def_cfa_offset 16
 547              		.cfi_offset 4, -16
 548              		.cfi_offset 5, -12
 549              		.cfi_offset 6, -8
 550              		.cfi_offset 14, -4
 551 0002 88B0     		sub	sp, sp, #32
 552              	.LCFI12:
 553              		.cfi_def_cfa_offset 48
 266:Src/stm32l4xx_hal_msp.c ****   GPIO_InitTypeDef GPIO_InitStruct = {0};
 554              		.loc 1 266 3 is_stmt 1 view .LVU127
 555              		.loc 1 266 20 is_stmt 0 view .LVU128
 556 0004 0023     		movs	r3, #0
 557 0006 0393     		str	r3, [sp, #12]
 558 0008 0493     		str	r3, [sp, #16]
 559 000a 0593     		str	r3, [sp, #20]
 560 000c 0693     		str	r3, [sp, #24]
 561 000e 0793     		str	r3, [sp, #28]
 267:Src/stm32l4xx_hal_msp.c ****   if(huart->Instance==USART2)
 562              		.loc 1 267 3 is_stmt 1 view .LVU129
 563              		.loc 1 267 11 is_stmt 0 view .LVU130
 564 0010 0268     		ldr	r2, [r0]
 565              		.loc 1 267 5 view .LVU131
 566 0012 1E4B     		ldr	r3, .L52
 567 0014 9A42     		cmp	r2, r3
 568 0016 01D0     		beq	.L51
 569              	.LVL26:
 570              	.L48:
 268:Src/stm32l4xx_hal_msp.c ****   {
 269:Src/stm32l4xx_hal_msp.c ****   /* USER CODE BEGIN USART2_MspInit 0 */
 270:Src/stm32l4xx_hal_msp.c **** 
 271:Src/stm32l4xx_hal_msp.c ****   /* USER CODE END USART2_MspInit 0 */
 272:Src/stm32l4xx_hal_msp.c ****     /* Peripheral clock enable */
 273:Src/stm32l4xx_hal_msp.c ****     __HAL_RCC_USART2_CLK_ENABLE();
 274:Src/stm32l4xx_hal_msp.c ****   
 275:Src/stm32l4xx_hal_msp.c ****     __HAL_RCC_GPIOA_CLK_ENABLE();
 276:Src/stm32l4xx_hal_msp.c ****     /**USART2 GPIO Configuration    
 277:Src/stm32l4xx_hal_msp.c ****     PA2     ------> USART2_TX
 278:Src/stm32l4xx_hal_msp.c ****     PA15 (JTDI)     ------> USART2_RX 
 279:Src/stm32l4xx_hal_msp.c ****     */
 280:Src/stm32l4xx_hal_msp.c ****     GPIO_InitStruct.Pin = VCP_TX_Pin;
 281:Src/stm32l4xx_hal_msp.c ****     GPIO_InitStruct.Mode = GPIO_MODE_AF_PP;
 282:Src/stm32l4xx_hal_msp.c ****     GPIO_InitStruct.Pull = GPIO_NOPULL;
 283:Src/stm32l4xx_hal_msp.c ****     GPIO_InitStruct.Speed = GPIO_SPEED_FREQ_VERY_HIGH;
 284:Src/stm32l4xx_hal_msp.c ****     GPIO_InitStruct.Alternate = GPIO_AF7_USART2;
 285:Src/stm32l4xx_hal_msp.c ****     HAL_GPIO_Init(VCP_TX_GPIO_Port, &GPIO_InitStruct);
 286:Src/stm32l4xx_hal_msp.c **** 
 287:Src/stm32l4xx_hal_msp.c ****     GPIO_InitStruct.Pin = VCP_RX_Pin;
 288:Src/stm32l4xx_hal_msp.c ****     GPIO_InitStruct.Mode = GPIO_MODE_AF_PP;
 289:Src/stm32l4xx_hal_msp.c ****     GPIO_InitStruct.Pull = GPIO_NOPULL;
 290:Src/stm32l4xx_hal_msp.c ****     GPIO_InitStruct.Speed = GPIO_SPEED_FREQ_VERY_HIGH;
 291:Src/stm32l4xx_hal_msp.c ****     GPIO_InitStruct.Alternate = GPIO_AF3_USART2;
 292:Src/stm32l4xx_hal_msp.c ****     HAL_GPIO_Init(VCP_RX_GPIO_Port, &GPIO_InitStruct);
 293:Src/stm32l4xx_hal_msp.c **** 
 294:Src/stm32l4xx_hal_msp.c ****     /* USART2 interrupt Init */
 295:Src/stm32l4xx_hal_msp.c ****     HAL_NVIC_SetPriority(USART2_IRQn, 0, 0);
 296:Src/stm32l4xx_hal_msp.c ****     HAL_NVIC_EnableIRQ(USART2_IRQn);
 297:Src/stm32l4xx_hal_msp.c ****   /* USER CODE BEGIN USART2_MspInit 1 */
ARM GAS  /tmp/ccvrOxS5.s 			page 17


 298:Src/stm32l4xx_hal_msp.c **** 
 299:Src/stm32l4xx_hal_msp.c ****   /* USER CODE END USART2_MspInit 1 */
 300:Src/stm32l4xx_hal_msp.c ****   }
 301:Src/stm32l4xx_hal_msp.c **** 
 302:Src/stm32l4xx_hal_msp.c **** }
 571              		.loc 1 302 1 view .LVU132
 572 0018 08B0     		add	sp, sp, #32
 573              	.LCFI13:
 574              		.cfi_remember_state
 575              		.cfi_def_cfa_offset 16
 576              		@ sp needed
 577 001a 70BD     		pop	{r4, r5, r6, pc}
 578              	.LVL27:
 579              	.L51:
 580              	.LCFI14:
 581              		.cfi_restore_state
 273:Src/stm32l4xx_hal_msp.c ****   
 582              		.loc 1 273 5 is_stmt 1 view .LVU133
 583              	.LBB7:
 273:Src/stm32l4xx_hal_msp.c ****   
 584              		.loc 1 273 5 view .LVU134
 273:Src/stm32l4xx_hal_msp.c ****   
 585              		.loc 1 273 5 view .LVU135
 586 001c 03F5E633 		add	r3, r3, #117760
 587 0020 9A6D     		ldr	r2, [r3, #88]
 588 0022 42F40032 		orr	r2, r2, #131072
 589 0026 9A65     		str	r2, [r3, #88]
 273:Src/stm32l4xx_hal_msp.c ****   
 590              		.loc 1 273 5 view .LVU136
 591 0028 9A6D     		ldr	r2, [r3, #88]
 592 002a 02F40032 		and	r2, r2, #131072
 593 002e 0192     		str	r2, [sp, #4]
 273:Src/stm32l4xx_hal_msp.c ****   
 594              		.loc 1 273 5 view .LVU137
 595 0030 019A     		ldr	r2, [sp, #4]
 596              	.LBE7:
 273:Src/stm32l4xx_hal_msp.c ****   
 597              		.loc 1 273 5 view .LVU138
 275:Src/stm32l4xx_hal_msp.c ****     /**USART2 GPIO Configuration    
 598              		.loc 1 275 5 view .LVU139
 599              	.LBB8:
 275:Src/stm32l4xx_hal_msp.c ****     /**USART2 GPIO Configuration    
 600              		.loc 1 275 5 view .LVU140
 275:Src/stm32l4xx_hal_msp.c ****     /**USART2 GPIO Configuration    
 601              		.loc 1 275 5 view .LVU141
 602 0032 DA6C     		ldr	r2, [r3, #76]
 603 0034 42F00102 		orr	r2, r2, #1
 604 0038 DA64     		str	r2, [r3, #76]
 275:Src/stm32l4xx_hal_msp.c ****     /**USART2 GPIO Configuration    
 605              		.loc 1 275 5 view .LVU142
 606 003a DB6C     		ldr	r3, [r3, #76]
 607 003c 03F00103 		and	r3, r3, #1
 608 0040 0293     		str	r3, [sp, #8]
 275:Src/stm32l4xx_hal_msp.c ****     /**USART2 GPIO Configuration    
 609              		.loc 1 275 5 view .LVU143
 610 0042 029B     		ldr	r3, [sp, #8]
 611              	.LBE8:
ARM GAS  /tmp/ccvrOxS5.s 			page 18


 275:Src/stm32l4xx_hal_msp.c ****     /**USART2 GPIO Configuration    
 612              		.loc 1 275 5 view .LVU144
 280:Src/stm32l4xx_hal_msp.c ****     GPIO_InitStruct.Mode = GPIO_MODE_AF_PP;
 613              		.loc 1 280 5 view .LVU145
 280:Src/stm32l4xx_hal_msp.c ****     GPIO_InitStruct.Mode = GPIO_MODE_AF_PP;
 614              		.loc 1 280 25 is_stmt 0 view .LVU146
 615 0044 0423     		movs	r3, #4
 616 0046 0393     		str	r3, [sp, #12]
 281:Src/stm32l4xx_hal_msp.c ****     GPIO_InitStruct.Pull = GPIO_NOPULL;
 617              		.loc 1 281 5 is_stmt 1 view .LVU147
 281:Src/stm32l4xx_hal_msp.c ****     GPIO_InitStruct.Pull = GPIO_NOPULL;
 618              		.loc 1 281 26 is_stmt 0 view .LVU148
 619 0048 0226     		movs	r6, #2
 620 004a 0496     		str	r6, [sp, #16]
 282:Src/stm32l4xx_hal_msp.c ****     GPIO_InitStruct.Speed = GPIO_SPEED_FREQ_VERY_HIGH;
 621              		.loc 1 282 5 is_stmt 1 view .LVU149
 282:Src/stm32l4xx_hal_msp.c ****     GPIO_InitStruct.Speed = GPIO_SPEED_FREQ_VERY_HIGH;
 622              		.loc 1 282 26 is_stmt 0 view .LVU150
 623 004c 0024     		movs	r4, #0
 624 004e 0594     		str	r4, [sp, #20]
 283:Src/stm32l4xx_hal_msp.c ****     GPIO_InitStruct.Alternate = GPIO_AF7_USART2;
 625              		.loc 1 283 5 is_stmt 1 view .LVU151
 283:Src/stm32l4xx_hal_msp.c ****     GPIO_InitStruct.Alternate = GPIO_AF7_USART2;
 626              		.loc 1 283 27 is_stmt 0 view .LVU152
 627 0050 0325     		movs	r5, #3
 628 0052 0695     		str	r5, [sp, #24]
 284:Src/stm32l4xx_hal_msp.c ****     HAL_GPIO_Init(VCP_TX_GPIO_Port, &GPIO_InitStruct);
 629              		.loc 1 284 5 is_stmt 1 view .LVU153
 284:Src/stm32l4xx_hal_msp.c ****     HAL_GPIO_Init(VCP_TX_GPIO_Port, &GPIO_InitStruct);
 630              		.loc 1 284 31 is_stmt 0 view .LVU154
 631 0054 0723     		movs	r3, #7
 632 0056 0793     		str	r3, [sp, #28]
 285:Src/stm32l4xx_hal_msp.c **** 
 633              		.loc 1 285 5 is_stmt 1 view .LVU155
 634 0058 03A9     		add	r1, sp, #12
 635 005a 4FF09040 		mov	r0, #1207959552
 636              	.LVL28:
 285:Src/stm32l4xx_hal_msp.c **** 
 637              		.loc 1 285 5 is_stmt 0 view .LVU156
 638 005e FFF7FEFF 		bl	HAL_GPIO_Init
 639              	.LVL29:
 287:Src/stm32l4xx_hal_msp.c ****     GPIO_InitStruct.Mode = GPIO_MODE_AF_PP;
 640              		.loc 1 287 5 is_stmt 1 view .LVU157
 287:Src/stm32l4xx_hal_msp.c ****     GPIO_InitStruct.Mode = GPIO_MODE_AF_PP;
 641              		.loc 1 287 25 is_stmt 0 view .LVU158
 642 0062 4FF40043 		mov	r3, #32768
 643 0066 0393     		str	r3, [sp, #12]
 288:Src/stm32l4xx_hal_msp.c ****     GPIO_InitStruct.Pull = GPIO_NOPULL;
 644              		.loc 1 288 5 is_stmt 1 view .LVU159
 288:Src/stm32l4xx_hal_msp.c ****     GPIO_InitStruct.Pull = GPIO_NOPULL;
 645              		.loc 1 288 26 is_stmt 0 view .LVU160
 646 0068 0496     		str	r6, [sp, #16]
 289:Src/stm32l4xx_hal_msp.c ****     GPIO_InitStruct.Speed = GPIO_SPEED_FREQ_VERY_HIGH;
 647              		.loc 1 289 5 is_stmt 1 view .LVU161
 289:Src/stm32l4xx_hal_msp.c ****     GPIO_InitStruct.Speed = GPIO_SPEED_FREQ_VERY_HIGH;
 648              		.loc 1 289 26 is_stmt 0 view .LVU162
 649 006a 0594     		str	r4, [sp, #20]
ARM GAS  /tmp/ccvrOxS5.s 			page 19


 290:Src/stm32l4xx_hal_msp.c ****     GPIO_InitStruct.Alternate = GPIO_AF3_USART2;
 650              		.loc 1 290 5 is_stmt 1 view .LVU163
 290:Src/stm32l4xx_hal_msp.c ****     GPIO_InitStruct.Alternate = GPIO_AF3_USART2;
 651              		.loc 1 290 27 is_stmt 0 view .LVU164
 652 006c 0695     		str	r5, [sp, #24]
 291:Src/stm32l4xx_hal_msp.c ****     HAL_GPIO_Init(VCP_RX_GPIO_Port, &GPIO_InitStruct);
 653              		.loc 1 291 5 is_stmt 1 view .LVU165
 291:Src/stm32l4xx_hal_msp.c ****     HAL_GPIO_Init(VCP_RX_GPIO_Port, &GPIO_InitStruct);
 654              		.loc 1 291 31 is_stmt 0 view .LVU166
 655 006e 0795     		str	r5, [sp, #28]
 292:Src/stm32l4xx_hal_msp.c **** 
 656              		.loc 1 292 5 is_stmt 1 view .LVU167
 657 0070 03A9     		add	r1, sp, #12
 658 0072 4FF09040 		mov	r0, #1207959552
 659 0076 FFF7FEFF 		bl	HAL_GPIO_Init
 660              	.LVL30:
 295:Src/stm32l4xx_hal_msp.c ****     HAL_NVIC_EnableIRQ(USART2_IRQn);
 661              		.loc 1 295 5 view .LVU168
 662 007a 2246     		mov	r2, r4
 663 007c 2146     		mov	r1, r4
 664 007e 2620     		movs	r0, #38
 665 0080 FFF7FEFF 		bl	HAL_NVIC_SetPriority
 666              	.LVL31:
 296:Src/stm32l4xx_hal_msp.c ****   /* USER CODE BEGIN USART2_MspInit 1 */
 667              		.loc 1 296 5 view .LVU169
 668 0084 2620     		movs	r0, #38
 669 0086 FFF7FEFF 		bl	HAL_NVIC_EnableIRQ
 670              	.LVL32:
 671              		.loc 1 302 1 is_stmt 0 view .LVU170
 672 008a C5E7     		b	.L48
 673              	.L53:
 674              		.align	2
 675              	.L52:
 676 008c 00440040 		.word	1073759232
 677              		.cfi_endproc
 678              	.LFE291:
 680              		.section	.text.HAL_UART_MspDeInit,"ax",%progbits
 681              		.align	1
 682              		.global	HAL_UART_MspDeInit
 683              		.syntax unified
 684              		.thumb
 685              		.thumb_func
 686              		.fpu fpv4-sp-d16
 688              	HAL_UART_MspDeInit:
 689              	.LVL33:
 690              	.LFB292:
 303:Src/stm32l4xx_hal_msp.c **** 
 304:Src/stm32l4xx_hal_msp.c **** /**
 305:Src/stm32l4xx_hal_msp.c **** * @brief UART MSP De-Initialization
 306:Src/stm32l4xx_hal_msp.c **** * This function freeze the hardware resources used in this example
 307:Src/stm32l4xx_hal_msp.c **** * @param huart: UART handle pointer
 308:Src/stm32l4xx_hal_msp.c **** * @retval None
 309:Src/stm32l4xx_hal_msp.c **** */
 310:Src/stm32l4xx_hal_msp.c **** void HAL_UART_MspDeInit(UART_HandleTypeDef* huart)
 311:Src/stm32l4xx_hal_msp.c **** {
 691              		.loc 1 311 1 is_stmt 1 view -0
 692              		.cfi_startproc
ARM GAS  /tmp/ccvrOxS5.s 			page 20


 693              		@ args = 0, pretend = 0, frame = 0
 694              		@ frame_needed = 0, uses_anonymous_args = 0
 695              		.loc 1 311 1 is_stmt 0 view .LVU172
 696 0000 08B5     		push	{r3, lr}
 697              	.LCFI15:
 698              		.cfi_def_cfa_offset 8
 699              		.cfi_offset 3, -8
 700              		.cfi_offset 14, -4
 312:Src/stm32l4xx_hal_msp.c ****   if(huart->Instance==USART2)
 701              		.loc 1 312 3 is_stmt 1 view .LVU173
 702              		.loc 1 312 11 is_stmt 0 view .LVU174
 703 0002 0268     		ldr	r2, [r0]
 704              		.loc 1 312 5 view .LVU175
 705 0004 094B     		ldr	r3, .L58
 706 0006 9A42     		cmp	r2, r3
 707 0008 00D0     		beq	.L57
 708              	.LVL34:
 709              	.L54:
 313:Src/stm32l4xx_hal_msp.c ****   {
 314:Src/stm32l4xx_hal_msp.c ****   /* USER CODE BEGIN USART2_MspDeInit 0 */
 315:Src/stm32l4xx_hal_msp.c **** 
 316:Src/stm32l4xx_hal_msp.c ****   /* USER CODE END USART2_MspDeInit 0 */
 317:Src/stm32l4xx_hal_msp.c ****     /* Peripheral clock disable */
 318:Src/stm32l4xx_hal_msp.c ****     __HAL_RCC_USART2_CLK_DISABLE();
 319:Src/stm32l4xx_hal_msp.c ****   
 320:Src/stm32l4xx_hal_msp.c ****     /**USART2 GPIO Configuration    
 321:Src/stm32l4xx_hal_msp.c ****     PA2     ------> USART2_TX
 322:Src/stm32l4xx_hal_msp.c ****     PA15 (JTDI)     ------> USART2_RX 
 323:Src/stm32l4xx_hal_msp.c ****     */
 324:Src/stm32l4xx_hal_msp.c ****     HAL_GPIO_DeInit(GPIOA, VCP_TX_Pin|VCP_RX_Pin);
 325:Src/stm32l4xx_hal_msp.c **** 
 326:Src/stm32l4xx_hal_msp.c ****     /* USART2 interrupt DeInit */
 327:Src/stm32l4xx_hal_msp.c ****     HAL_NVIC_DisableIRQ(USART2_IRQn);
 328:Src/stm32l4xx_hal_msp.c ****   /* USER CODE BEGIN USART2_MspDeInit 1 */
 329:Src/stm32l4xx_hal_msp.c **** 
 330:Src/stm32l4xx_hal_msp.c ****   /* USER CODE END USART2_MspDeInit 1 */
 331:Src/stm32l4xx_hal_msp.c ****   }
 332:Src/stm32l4xx_hal_msp.c **** 
 333:Src/stm32l4xx_hal_msp.c **** }
 710              		.loc 1 333 1 view .LVU176
 711 000a 08BD     		pop	{r3, pc}
 712              	.LVL35:
 713              	.L57:
 318:Src/stm32l4xx_hal_msp.c ****   
 714              		.loc 1 318 5 is_stmt 1 view .LVU177
 715 000c 084A     		ldr	r2, .L58+4
 716 000e 936D     		ldr	r3, [r2, #88]
 717 0010 23F40033 		bic	r3, r3, #131072
 718 0014 9365     		str	r3, [r2, #88]
 324:Src/stm32l4xx_hal_msp.c **** 
 719              		.loc 1 324 5 view .LVU178
 720 0016 48F20401 		movw	r1, #32772
 721 001a 4FF09040 		mov	r0, #1207959552
 722              	.LVL36:
 324:Src/stm32l4xx_hal_msp.c **** 
 723              		.loc 1 324 5 is_stmt 0 view .LVU179
 724 001e FFF7FEFF 		bl	HAL_GPIO_DeInit
ARM GAS  /tmp/ccvrOxS5.s 			page 21


 725              	.LVL37:
 327:Src/stm32l4xx_hal_msp.c ****   /* USER CODE BEGIN USART2_MspDeInit 1 */
 726              		.loc 1 327 5 is_stmt 1 view .LVU180
 727 0022 2620     		movs	r0, #38
 728 0024 FFF7FEFF 		bl	HAL_NVIC_DisableIRQ
 729              	.LVL38:
 730              		.loc 1 333 1 is_stmt 0 view .LVU181
 731 0028 EFE7     		b	.L54
 732              	.L59:
 733 002a 00BF     		.align	2
 734              	.L58:
 735 002c 00440040 		.word	1073759232
 736 0030 00100240 		.word	1073876992
 737              		.cfi_endproc
 738              	.LFE292:
 740              		.text
 741              	.Letext0:
 742              		.file 2 "/nfs/nfs5/home/research/hardware/arm2/gcc-arm-embedded/gcc-arm-none-eabi-9-2019-q4-major/
 743              		.file 3 "/nfs/nfs5/home/research/hardware/arm2/gcc-arm-embedded/gcc-arm-none-eabi-9-2019-q4-major/
 744              		.file 4 "Drivers/CMSIS/Include/core_cm4.h"
 745              		.file 5 "Drivers/CMSIS/Device/ST/STM32L4xx/Include/system_stm32l4xx.h"
 746              		.file 6 "Drivers/CMSIS/Device/ST/STM32L4xx/Include/stm32l432xx.h"
 747              		.file 7 "Drivers/CMSIS/Device/ST/STM32L4xx/Include/stm32l4xx.h"
 748              		.file 8 "Drivers/STM32L4xx_HAL_Driver/Inc/stm32l4xx_hal_def.h"
 749              		.file 9 "Drivers/STM32L4xx_HAL_Driver/Inc/stm32l4xx_hal_gpio.h"
 750              		.file 10 "Drivers/STM32L4xx_HAL_Driver/Inc/stm32l4xx_hal_dma.h"
 751              		.file 11 "Drivers/STM32L4xx_HAL_Driver/Inc/stm32l4xx_hal_adc.h"
 752              		.file 12 "Drivers/STM32L4xx_HAL_Driver/Inc/stm32l4xx_hal_flash.h"
 753              		.file 13 "Drivers/STM32L4xx_HAL_Driver/Inc/stm32l4xx_hal_rtc.h"
 754              		.file 14 "Drivers/STM32L4xx_HAL_Driver/Inc/stm32l4xx_hal_tim.h"
 755              		.file 15 "Drivers/STM32L4xx_HAL_Driver/Inc/stm32l4xx_hal_uart.h"
 756              		.file 16 "Drivers/STM32L4xx_HAL_Driver/Inc/stm32l4xx_hal.h"
 757              		.file 17 "Drivers/STM32L4xx_HAL_Driver/Inc/stm32l4xx_hal_cortex.h"
 758              		.file 18 "Inc/main.h"
ARM GAS  /tmp/ccvrOxS5.s 			page 22


DEFINED SYMBOLS
                            *ABS*:0000000000000000 stm32l4xx_hal_msp.c
     /tmp/ccvrOxS5.s:18     .text.HAL_MspInit:0000000000000000 $t
     /tmp/ccvrOxS5.s:26     .text.HAL_MspInit:0000000000000000 HAL_MspInit
     /tmp/ccvrOxS5.s:77     .text.HAL_MspInit:000000000000002c $d
     /tmp/ccvrOxS5.s:82     .text.HAL_ADC_MspInit:0000000000000000 $t
     /tmp/ccvrOxS5.s:89     .text.HAL_ADC_MspInit:0000000000000000 HAL_ADC_MspInit
     /tmp/ccvrOxS5.s:136    .text.HAL_ADC_MspInit:000000000000002c $d
     /tmp/ccvrOxS5.s:141    .text.HAL_ADC_MspDeInit:0000000000000000 $t
     /tmp/ccvrOxS5.s:148    .text.HAL_ADC_MspDeInit:0000000000000000 HAL_ADC_MspDeInit
     /tmp/ccvrOxS5.s:177    .text.HAL_ADC_MspDeInit:0000000000000018 $d
     /tmp/ccvrOxS5.s:183    .text.HAL_RTC_MspInit:0000000000000000 $t
     /tmp/ccvrOxS5.s:190    .text.HAL_RTC_MspInit:0000000000000000 HAL_RTC_MspInit
     /tmp/ccvrOxS5.s:238    .text.HAL_RTC_MspInit:000000000000002c $d
     /tmp/ccvrOxS5.s:244    .text.HAL_RTC_MspDeInit:0000000000000000 $t
     /tmp/ccvrOxS5.s:251    .text.HAL_RTC_MspDeInit:0000000000000000 HAL_RTC_MspDeInit
     /tmp/ccvrOxS5.s:293    .text.HAL_RTC_MspDeInit:0000000000000024 $d
     /tmp/ccvrOxS5.s:299    .text.HAL_TIM_IC_MspInit:0000000000000000 $t
     /tmp/ccvrOxS5.s:306    .text.HAL_TIM_IC_MspInit:0000000000000000 HAL_TIM_IC_MspInit
     /tmp/ccvrOxS5.s:466    .text.HAL_TIM_IC_MspInit:0000000000000098 $d
     /tmp/ccvrOxS5.s:472    .text.HAL_TIM_IC_MspDeInit:0000000000000000 $t
     /tmp/ccvrOxS5.s:479    .text.HAL_TIM_IC_MspDeInit:0000000000000000 HAL_TIM_IC_MspDeInit
     /tmp/ccvrOxS5.s:524    .text.HAL_TIM_IC_MspDeInit:000000000000002c $d
     /tmp/ccvrOxS5.s:529    .text.HAL_UART_MspInit:0000000000000000 $t
     /tmp/ccvrOxS5.s:536    .text.HAL_UART_MspInit:0000000000000000 HAL_UART_MspInit
     /tmp/ccvrOxS5.s:676    .text.HAL_UART_MspInit:000000000000008c $d
     /tmp/ccvrOxS5.s:681    .text.HAL_UART_MspDeInit:0000000000000000 $t
     /tmp/ccvrOxS5.s:688    .text.HAL_UART_MspDeInit:0000000000000000 HAL_UART_MspDeInit
     /tmp/ccvrOxS5.s:735    .text.HAL_UART_MspDeInit:000000000000002c $d

UNDEFINED SYMBOLS
HAL_NVIC_SetPriority
HAL_NVIC_EnableIRQ
HAL_NVIC_DisableIRQ
HAL_GPIO_Init
HAL_DMA_Init
Error_Handler
hdma_tim2_ch1
HAL_GPIO_DeInit
HAL_DMA_DeInit
